2017-04-20 09:48:13,098 [Worker-10] INFO  o.e.m.c.i.i.nexus.NexusIndexManager - Updating index for repository: central|https://repo.maven.apache.org/maven2
2017-04-20 09:48:14,228 [Worker-4] INFO  o.e.m.c.i.embedder.EclipseLogger - Installing /Applications/MyEclipse 2016 CI/MyEclipse 2016 CI.app/Contents/Profile/plugins/com.genuitec.eclipse.icefaces_13.0.0.me201602031002/data/1.6.1/ICEfaces/icefaces.jar to /Users/cassie/.m2/repository/org/icefaces/icefaces/1.6.1/icefaces-1.6.1.jar
2017-04-20 09:48:14,305 [Worker-4] INFO  o.e.m.c.i.embedder.EclipseLogger - Installing /var/folders/18/mrhqj5594t17ptgyt7w541140000gn/T/mvninstall4004583469713429065.pom to /Users/cassie/.m2/repository/org/icefaces/icefaces/1.6.1/icefaces-1.6.1.pom
2017-04-20 09:48:15,713 [Worker-4] INFO  o.e.m.c.i.e.AbstractTransferListenerAdapter - Downloaded https://repo.maven.apache.org/maven2/org/icepush/icepush/2.0.2/icepush-2.0.2.jar
2017-04-20 09:48:15,728 [Worker-4] INFO  o.e.m.c.i.embedder.EclipseLogger - Installing /Applications/MyEclipse 2016 CI/MyEclipse 2016 CI.app/Contents/Profile/plugins/com.genuitec.eclipse.icefaces_13.0.0.me201602031002/data/org.icepush/icepush/2.0/icepush.jar to /Users/cassie/.m2/repository/org/icepush/icepush/2.0.2/icepush-2.0.2.jar
2017-04-20 09:48:15,751 [Worker-4] INFO  o.e.m.c.i.embedder.EclipseLogger - Installing /var/folders/18/mrhqj5594t17ptgyt7w541140000gn/T/mvninstall2388007540174095904.pom to /Users/cassie/.m2/repository/org/icepush/icepush/2.0.2/icepush-2.0.2.pom
2017-04-20 09:48:17,977 [Worker-4] INFO  o.e.m.c.i.e.AbstractTransferListenerAdapter - Downloaded https://repo.maven.apache.org/maven2/org/icefaces/icefaces-comps/1.8.0/icefaces-comps-1.8.0.jar
2017-04-20 09:48:17,990 [Worker-4] INFO  o.e.m.c.i.embedder.EclipseLogger - Installing /Applications/MyEclipse 2016 CI/MyEclipse 2016 CI.app/Contents/Profile/plugins/com.genuitec.eclipse.icefaces_13.0.0.me201602031002/data/1.8.0/ICEfaces/icefaces-comps.jar to /Users/cassie/.m2/repository/org/icefaces/icefaces-comps/1.8.0/icefaces-comps-1.8.0.jar
2017-04-20 09:48:18,028 [Worker-4] INFO  o.e.m.c.i.embedder.EclipseLogger - Installing /var/folders/18/mrhqj5594t17ptgyt7w541140000gn/T/mvninstall6281727839673507589.pom to /Users/cassie/.m2/repository/org/icefaces/icefaces-comps/1.8.0/icefaces-comps-1.8.0.pom
2017-04-20 09:48:19,029 [Worker-4] INFO  o.e.m.c.i.e.AbstractTransferListenerAdapter - Downloaded https://repo.maven.apache.org/maven2/org/icefaces/icefaces-comps/1.7.2/icefaces-comps-1.7.2.jar
2017-04-20 09:48:19,039 [Worker-4] INFO  o.e.m.c.i.embedder.EclipseLogger - Installing /Applications/MyEclipse 2016 CI/MyEclipse 2016 CI.app/Contents/Profile/plugins/com.genuitec.eclipse.icefaces_13.0.0.me201602031002/data/1.7.2/ICEfaces/icefaces-comps.jar to /Users/cassie/.m2/repository/org/icefaces/icefaces-comps/1.7.2/icefaces-comps-1.7.2.jar
2017-04-20 09:48:19,068 [Worker-4] INFO  o.e.m.c.i.embedder.EclipseLogger - Installing /var/folders/18/mrhqj5594t17ptgyt7w541140000gn/T/mvninstall8266645799543665522.pom to /Users/cassie/.m2/repository/org/icefaces/icefaces-comps/1.7.2/icefaces-comps-1.7.2.pom
2017-04-20 09:48:20,084 [Worker-4] INFO  o.e.m.c.i.e.AbstractTransferListenerAdapter - Downloaded https://repo.maven.apache.org/maven2/org/icefaces/icefaces-comps/1.7.1/icefaces-comps-1.7.1.jar
2017-04-20 09:48:20,094 [Worker-4] INFO  o.e.m.c.i.embedder.EclipseLogger - Installing /Applications/MyEclipse 2016 CI/MyEclipse 2016 CI.app/Contents/Profile/plugins/com.genuitec.eclipse.icefaces_13.0.0.me201602031002/data/1.7.1/ICEfaces/icefaces-comps.jar to /Users/cassie/.m2/repository/org/icefaces/icefaces-comps/1.7.1/icefaces-comps-1.7.1.jar
2017-04-20 09:48:20,122 [Worker-4] INFO  o.e.m.c.i.embedder.EclipseLogger - Installing /var/folders/18/mrhqj5594t17ptgyt7w541140000gn/T/mvninstall2329233207311323866.pom to /Users/cassie/.m2/repository/org/icefaces/icefaces-comps/1.7.1/icefaces-comps-1.7.1.pom
2017-04-20 09:48:22,302 [Worker-4] INFO  o.e.m.c.i.e.AbstractTransferListenerAdapter - Downloaded https://repo.maven.apache.org/maven2/org/icefaces/icefaces-comps/1.7.0/icefaces-comps-1.7.0.jar
2017-04-20 09:48:22,318 [Worker-4] INFO  o.e.m.c.i.embedder.EclipseLogger - Installing /Applications/MyEclipse 2016 CI/MyEclipse 2016 CI.app/Contents/Profile/plugins/com.genuitec.eclipse.icefaces_13.0.0.me201602031002/data/1.7.0/ICEfaces/icefaces-comps.jar to /Users/cassie/.m2/repository/org/icefaces/icefaces-comps/1.7.0/icefaces-comps-1.7.0.jar
2017-04-20 09:48:22,341 [Worker-4] INFO  o.e.m.c.i.embedder.EclipseLogger - Installing /var/folders/18/mrhqj5594t17ptgyt7w541140000gn/T/mvninstall4758837416711782622.pom to /Users/cassie/.m2/repository/org/icefaces/icefaces-comps/1.7.0/icefaces-comps-1.7.0.pom
2017-04-20 09:48:24,552 [Worker-4] INFO  o.e.m.c.i.e.AbstractTransferListenerAdapter - Downloaded https://repo.maven.apache.org/maven2/org/icefaces/icefaces-comps/1.6.2/icefaces-comps-1.6.2.jar
2017-04-20 09:48:24,569 [Worker-4] INFO  o.e.m.c.i.embedder.EclipseLogger - Installing /Applications/MyEclipse 2016 CI/MyEclipse 2016 CI.app/Contents/Profile/plugins/com.genuitec.eclipse.icefaces_13.0.0.me201602031002/data/1.6.2/ICEfaces/icefaces-comps.jar to /Users/cassie/.m2/repository/org/icefaces/icefaces-comps/1.6.2/icefaces-comps-1.6.2.jar
2017-04-20 09:48:24,587 [Worker-4] INFO  o.e.m.c.i.embedder.EclipseLogger - Installing /var/folders/18/mrhqj5594t17ptgyt7w541140000gn/T/mvninstall6170086709562331889.pom to /Users/cassie/.m2/repository/org/icefaces/icefaces-comps/1.6.2/icefaces-comps-1.6.2.pom
2017-04-20 09:48:26,196 [Worker-10] ERROR o.e.m.c.i.i.nexus.NexusIndexManager - Unable to update index for central|https://repo.maven.apache.org/maven2: no segments* file found in org.apache.lucene.store.FSDirectory@/private/var/folders/18/mrhqj5594t17ptgyt7w541140000gn/T/nexus-index4229451684525314574.dir: files:
java.io.FileNotFoundException: no segments* file found in org.apache.lucene.store.FSDirectory@/private/var/folders/18/mrhqj5594t17ptgyt7w541140000gn/T/nexus-index4229451684525314574.dir: files:
	at org.apache.lucene.index.SegmentInfos$FindSegmentsFile.run(SegmentInfos.java:604) ~[lucene-core-2.4.1.jar:2.4.1 750176 - 2009-03-04 21:56:52]
	at org.apache.lucene.index.DirectoryIndexReader.open(DirectoryIndexReader.java:115) ~[lucene-core-2.4.1.jar:2.4.1 750176 - 2009-03-04 21:56:52]
	at org.apache.lucene.index.IndexReader.open(IndexReader.java:316) ~[lucene-core-2.4.1.jar:2.4.1 750176 - 2009-03-04 21:56:52]
	at org.apache.lucene.index.IndexReader.open(IndexReader.java:227) ~[lucene-core-2.4.1.jar:2.4.1 750176 - 2009-03-04 21:56:52]
	at org.apache.maven.index.updater.DefaultIndexUpdater.copyUpdatedDocuments(DefaultIndexUpdater.java:352) ~[indexer-core-3.1.0.jar:3.1.0]
	at org.apache.maven.index.updater.DefaultIndexUpdater.unpackIndexArchive(DefaultIndexUpdater.java:288) ~[indexer-core-3.1.0.jar:3.1.0]
	at org.apache.maven.index.updater.DefaultIndexUpdater.loadIndexDirectory(DefaultIndexUpdater.java:218) ~[indexer-core-3.1.0.jar:3.1.0]
	at org.apache.maven.index.updater.DefaultIndexUpdater.access$300(DefaultIndexUpdater.java:75) ~[indexer-core-3.1.0.jar:3.1.0]
	at org.apache.maven.index.updater.DefaultIndexUpdater$LuceneIndexAdaptor.setIndexFile(DefaultIndexUpdater.java:645) ~[indexer-core-3.1.0.jar:3.1.0]
	at org.apache.maven.index.updater.DefaultIndexUpdater.fetchAndUpdateIndex(DefaultIndexUpdater.java:844) ~[indexer-core-3.1.0.jar:3.1.0]
	at org.apache.maven.index.updater.DefaultIndexUpdater.fetchAndUpdateIndex(DefaultIndexUpdater.java:156) ~[indexer-core-3.1.0.jar:3.1.0]
	at org.eclipse.m2e.core.internal.index.nexus.NexusIndexManager.updateRemoteIndex(NexusIndexManager.java:1251) [org.eclipse.m2e.core_1.6.0.me201603161722.jar:na]
	at org.eclipse.m2e.core.internal.index.nexus.NexusIndexManager.updateIndex(NexusIndexManager.java:1193) [org.eclipse.m2e.core_1.6.0.me201603161722.jar:na]
	at org.eclipse.m2e.core.internal.index.nexus.NexusIndexManager$1.run(NexusIndexManager.java:703) [org.eclipse.m2e.core_1.6.0.me201603161722.jar:na]
	at org.eclipse.m2e.core.internal.index.nexus.IndexUpdaterJob.run(IndexUpdaterJob.java:72) [org.eclipse.m2e.core_1.6.0.me201603161722.jar:na]
	at org.eclipse.core.internal.jobs.Worker.run(Worker.java:55) [org.eclipse.core.jobs_3.7.0.v20150330-2103.jar:na]
2017-04-20 09:48:26,436 [Worker-4] INFO  o.e.m.c.i.e.AbstractTransferListenerAdapter - Downloaded https://repo.maven.apache.org/maven2/org/icefaces/icefaces-comps/1.6.1/icefaces-comps-1.6.1.jar
2017-04-20 09:48:26,445 [Worker-4] INFO  o.e.m.c.i.embedder.EclipseLogger - Installing /Applications/MyEclipse 2016 CI/MyEclipse 2016 CI.app/Contents/Profile/plugins/com.genuitec.eclipse.icefaces_13.0.0.me201602031002/data/1.6.1/ICEfaces/icefaces-comps.jar to /Users/cassie/.m2/repository/org/icefaces/icefaces-comps/1.6.1/icefaces-comps-1.6.1.jar
2017-04-20 09:48:26,478 [Worker-4] INFO  o.e.m.c.i.embedder.EclipseLogger - Installing /var/folders/18/mrhqj5594t17ptgyt7w541140000gn/T/mvninstall7830670689579918828.pom to /Users/cassie/.m2/repository/org/icefaces/icefaces-comps/1.6.1/icefaces-comps-1.6.1.pom
2017-04-20 09:48:27,530 [Worker-4] INFO  o.e.m.c.i.e.AbstractTransferListenerAdapter - Downloaded https://repo.maven.apache.org/maven2/org/icefaces/icefaces-facelets/1.8.0/icefaces-facelets-1.8.0.jar
2017-04-20 09:48:27,545 [Worker-4] INFO  o.e.m.c.i.embedder.EclipseLogger - Installing /Applications/MyEclipse 2016 CI/MyEclipse 2016 CI.app/Contents/Profile/plugins/com.genuitec.eclipse.icefaces_13.0.0.me201602031002/data/1.8.0/ICEfaces-Facelets/icefaces-facelets.jar to /Users/cassie/.m2/repository/org/icefaces/icefaces-facelets/1.8.0/icefaces-facelets-1.8.0.jar
2017-04-20 09:48:27,561 [Worker-4] INFO  o.e.m.c.i.embedder.EclipseLogger - Installing /var/folders/18/mrhqj5594t17ptgyt7w541140000gn/T/mvninstall312072997409356770.pom to /Users/cassie/.m2/repository/org/icefaces/icefaces-facelets/1.8.0/icefaces-facelets-1.8.0.pom
2017-04-20 09:48:28,341 [Worker-4] INFO  o.e.m.c.i.e.AbstractTransferListenerAdapter - Downloaded https://repo.maven.apache.org/maven2/org/icefaces/icefaces-facelets/1.7.2/icefaces-facelets-1.7.2.jar
2017-04-20 09:48:28,356 [Worker-4] INFO  o.e.m.c.i.embedder.EclipseLogger - Installing /Applications/MyEclipse 2016 CI/MyEclipse 2016 CI.app/Contents/Profile/plugins/com.genuitec.eclipse.icefaces_13.0.0.me201602031002/data/1.7.2/ICEfaces-Facelets/icefaces-facelets.jar to /Users/cassie/.m2/repository/org/icefaces/icefaces-facelets/1.7.2/icefaces-facelets-1.7.2.jar
2017-04-20 09:48:28,370 [Worker-4] INFO  o.e.m.c.i.embedder.EclipseLogger - Installing /var/folders/18/mrhqj5594t17ptgyt7w541140000gn/T/mvninstall6428240554846490552.pom to /Users/cassie/.m2/repository/org/icefaces/icefaces-facelets/1.7.2/icefaces-facelets-1.7.2.pom
2017-04-20 09:48:29,225 [Worker-4] INFO  o.e.m.c.i.e.AbstractTransferListenerAdapter - Downloaded https://repo.maven.apache.org/maven2/org/icefaces/icefaces-facelets/1.7.1/icefaces-facelets-1.7.1.jar
2017-04-20 09:48:29,240 [Worker-4] INFO  o.e.m.c.i.embedder.EclipseLogger - Installing /Applications/MyEclipse 2016 CI/MyEclipse 2016 CI.app/Contents/Profile/plugins/com.genuitec.eclipse.icefaces_13.0.0.me201602031002/data/1.7.0/ICEfaces-Facelets/icefaces-facelets.jar to /Users/cassie/.m2/repository/org/icefaces/icefaces-facelets/1.7.1/icefaces-facelets-1.7.1.jar
2017-04-20 09:48:29,258 [Worker-4] INFO  o.e.m.c.i.embedder.EclipseLogger - Installing /var/folders/18/mrhqj5594t17ptgyt7w541140000gn/T/mvninstall2976527368008842271.pom to /Users/cassie/.m2/repository/org/icefaces/icefaces-facelets/1.7.1/icefaces-facelets-1.7.1.pom
2017-04-20 09:48:30,227 [Worker-4] INFO  o.e.m.c.i.e.AbstractTransferListenerAdapter - Downloaded https://repo.maven.apache.org/maven2/org/icefaces/icefaces-facelets/1.7.0/icefaces-facelets-1.7.0.jar
2017-04-20 09:48:30,244 [Worker-4] INFO  o.e.m.c.i.embedder.EclipseLogger - Installing /Applications/MyEclipse 2016 CI/MyEclipse 2016 CI.app/Contents/Profile/plugins/com.genuitec.eclipse.icefaces_13.0.0.me201602031002/data/1.7.0/ICEfaces-Facelets/icefaces-facelets.jar to /Users/cassie/.m2/repository/org/icefaces/icefaces-facelets/1.7.0/icefaces-facelets-1.7.0.jar
2017-04-20 09:48:30,257 [Worker-4] INFO  o.e.m.c.i.embedder.EclipseLogger - Installing /var/folders/18/mrhqj5594t17ptgyt7w541140000gn/T/mvninstall1214621651995764129.pom to /Users/cassie/.m2/repository/org/icefaces/icefaces-facelets/1.7.0/icefaces-facelets-1.7.0.pom
2017-04-20 09:48:31,256 [Worker-4] INFO  o.e.m.c.i.e.AbstractTransferListenerAdapter - Downloaded https://repo.maven.apache.org/maven2/org/icefaces/icefaces-facelets/1.6.2/icefaces-facelets-1.6.2.jar
2017-04-20 09:48:31,270 [Worker-4] INFO  o.e.m.c.i.embedder.EclipseLogger - Installing /Applications/MyEclipse 2016 CI/MyEclipse 2016 CI.app/Contents/Profile/plugins/com.genuitec.eclipse.icefaces_13.0.0.me201602031002/data/1.6.2/ICEfaces-Facelets/icefaces-facelets.jar to /Users/cassie/.m2/repository/org/icefaces/icefaces-facelets/1.6.2/icefaces-facelets-1.6.2.jar
2017-04-20 09:48:31,286 [Worker-4] INFO  o.e.m.c.i.embedder.EclipseLogger - Installing /var/folders/18/mrhqj5594t17ptgyt7w541140000gn/T/mvninstall5875046806216515411.pom to /Users/cassie/.m2/repository/org/icefaces/icefaces-facelets/1.6.2/icefaces-facelets-1.6.2.pom
2017-04-20 09:48:32,270 [Worker-4] INFO  o.e.m.c.i.e.AbstractTransferListenerAdapter - Downloaded https://repo.maven.apache.org/maven2/org/icefaces/icefaces-facelets/1.6.1/icefaces-facelets-1.6.1.jar
2017-04-20 09:48:32,280 [Worker-4] INFO  o.e.m.c.i.embedder.EclipseLogger - Installing /Applications/MyEclipse 2016 CI/MyEclipse 2016 CI.app/Contents/Profile/plugins/com.genuitec.eclipse.icefaces_13.0.0.me201602031002/data/1.6.1/ICEfaces-Facelets/icefaces-facelets.jar to /Users/cassie/.m2/repository/org/icefaces/icefaces-facelets/1.6.1/icefaces-facelets-1.6.1.jar
2017-04-20 09:48:32,296 [Worker-4] INFO  o.e.m.c.i.embedder.EclipseLogger - Installing /var/folders/18/mrhqj5594t17ptgyt7w541140000gn/T/mvninstall4254788538957148414.pom to /Users/cassie/.m2/repository/org/icefaces/icefaces-facelets/1.6.1/icefaces-facelets-1.6.1.pom
2017-04-20 09:48:33,286 [Worker-4] INFO  o.e.m.c.i.e.AbstractTransferListenerAdapter - Downloaded https://repo.maven.apache.org/maven2/net/sourceforge/jexcelapi/jxl/2.6.8/jxl-2.6.8.jar
2017-04-20 09:48:33,298 [Worker-4] INFO  o.e.m.c.i.embedder.EclipseLogger - Installing /Applications/MyEclipse 2016 CI/MyEclipse 2016 CI.app/Contents/Profile/plugins/com.genuitec.eclipse.icefaces_13.0.0.me201602031002/data/net.sourceforge.jexcelapi/jxl/2.6.8/jxl.jar to /Users/cassie/.m2/repository/net/sourceforge/jexcelapi/jxl/2.6.8/jxl-2.6.8.jar
2017-04-20 09:48:33,337 [Worker-4] INFO  o.e.m.c.i.embedder.EclipseLogger - Installing /var/folders/18/mrhqj5594t17ptgyt7w541140000gn/T/mvninstall2729018242047776082.pom to /Users/cassie/.m2/repository/net/sourceforge/jexcelapi/jxl/2.6.8/jxl-2.6.8.pom
2017-04-20 09:48:34,337 [Worker-4] INFO  o.e.m.c.i.e.AbstractTransferListenerAdapter - Downloaded https://repo.maven.apache.org/maven2/org/icefaces/icefaces-mobi/1.3.0/icefaces-mobi-1.3.0.jar
2017-04-20 09:48:34,353 [Worker-4] INFO  o.e.m.c.i.embedder.EclipseLogger - Installing /Applications/MyEclipse 2016 CI/MyEclipse 2016 CI.app/Contents/Profile/plugins/com.genuitec.eclipse.icefaces_13.0.0.me201602031002/data/org.icefaces/icefaces-mobi/1.3/icefaces-mobi.jar to /Users/cassie/.m2/repository/org/icefaces/icefaces-mobi/1.3.0/icefaces-mobi-1.3.0.jar
2017-04-20 09:48:34,399 [Worker-4] INFO  o.e.m.c.i.embedder.EclipseLogger - Installing /var/folders/18/mrhqj5594t17ptgyt7w541140000gn/T/mvninstall3516003635807181353.pom to /Users/cassie/.m2/repository/org/icefaces/icefaces-mobi/1.3.0/icefaces-mobi-1.3.0.pom
2017-04-20 09:48:35,650 [Worker-4] INFO  o.e.m.c.i.e.AbstractTransferListenerAdapter - Downloaded https://repo.maven.apache.org/maven2/org/icepush/icepush/3.0.0/icepush-3.0.0.jar
2017-04-20 09:48:35,664 [Worker-4] INFO  o.e.m.c.i.embedder.EclipseLogger - Installing /Applications/MyEclipse 2016 CI/MyEclipse 2016 CI.app/Contents/Profile/plugins/com.genuitec.eclipse.icefaces_13.0.0.me201602031002/data/org.icepush/icepush/3.0/icepush.jar to /Users/cassie/.m2/repository/org/icepush/icepush/3.0.0/icepush-3.0.0.jar
2017-04-20 09:48:35,675 [Worker-4] INFO  o.e.m.c.i.embedder.EclipseLogger - Installing /var/folders/18/mrhqj5594t17ptgyt7w541140000gn/T/mvninstall3461370561404992767.pom to /Users/cassie/.m2/repository/org/icepush/icepush/3.0.0/icepush-3.0.0.pom
2017-04-20 09:48:36,691 [Worker-4] INFO  o.e.m.c.i.e.AbstractTransferListenerAdapter - Downloaded https://repo.maven.apache.org/maven2/javax/activation/activation/1.0.2/activation-1.0.2.jar
2017-04-20 09:48:36,703 [Worker-4] INFO  o.e.m.c.i.embedder.EclipseLogger - Installing /Applications/MyEclipse 2016 CI/MyEclipse 2016 CI.app/Contents/Profile/plugins/com.genuitec.eclipse.j2eedt.core_13.0.0.me201605020208/data/libraryset/1.4/activation.jar to /Users/cassie/.m2/repository/javax/activation/activation/1.0.2/activation-1.0.2.jar
2017-04-20 09:48:36,718 [Worker-4] INFO  o.e.m.c.i.embedder.EclipseLogger - Installing /var/folders/18/mrhqj5594t17ptgyt7w541140000gn/T/mvninstall7363947338240659009.pom to /Users/cassie/.m2/repository/javax/activation/activation/1.0.2/activation-1.0.2.pom
2017-04-20 09:48:43,080 [Worker-4] INFO  o.e.m.c.i.e.AbstractTransferListenerAdapter - Downloaded https://repo.maven.apache.org/maven2/javax/mail/mail/1.3.1/mail-1.3.1.jar
2017-04-20 09:48:43,091 [Worker-4] INFO  o.e.m.c.i.embedder.EclipseLogger - Installing /Applications/MyEclipse 2016 CI/MyEclipse 2016 CI.app/Contents/Profile/plugins/com.genuitec.eclipse.j2eedt.core_13.0.0.me201605020208/data/libraryset/1.4/mail.jar to /Users/cassie/.m2/repository/javax/mail/mail/1.3.1/mail-1.3.1.jar
2017-04-20 09:48:43,106 [Worker-4] INFO  o.e.m.c.i.embedder.EclipseLogger - Installing /var/folders/18/mrhqj5594t17ptgyt7w541140000gn/T/mvninstall2262162877727164852.pom to /Users/cassie/.m2/repository/javax/mail/mail/1.3.1/mail-1.3.1.pom
2017-04-20 09:48:44,317 [Worker-4] INFO  o.e.m.c.i.e.AbstractTransferListenerAdapter - Downloaded https://repo.maven.apache.org/maven2/javax/xml/namespace/1.0.1/namespace-1.0.1.jar
2017-04-20 09:48:44,329 [Worker-4] INFO  o.e.m.c.i.embedder.EclipseLogger - Installing /Applications/MyEclipse 2016 CI/MyEclipse 2016 CI.app/Contents/Profile/plugins/com.genuitec.eclipse.j2eedt.core_13.0.0.me201605020208/data/libraryset/1.4/namespace.jar to /Users/cassie/.m2/repository/javax/xml/namespace/1.0.1/namespace-1.0.1.jar
2017-04-20 09:48:44,346 [Worker-4] INFO  o.e.m.c.i.embedder.EclipseLogger - Installing /var/folders/18/mrhqj5594t17ptgyt7w541140000gn/T/mvninstall7213017721237212001.pom to /Users/cassie/.m2/repository/javax/xml/namespace/1.0.1/namespace-1.0.1.pom
2017-04-20 09:48:47,523 [Worker-4] INFO  o.e.m.c.i.e.AbstractTransferListenerAdapter - Downloaded https://repo.maven.apache.org/maven2/javax/sql/jdbc-stdext/2.0/jdbc-stdext-2.0.jar
2017-04-20 09:48:47,533 [Worker-4] INFO  o.e.m.c.i.embedder.EclipseLogger - Installing /Applications/MyEclipse 2016 CI/MyEclipse 2016 CI.app/Contents/Profile/plugins/com.genuitec.eclipse.j2eedt.core_13.0.0.me201605020208/data/libraryset/JSTL1.0/lib/jdbc2_0-stdext.jar to /Users/cassie/.m2/repository/javax/sql/jdbc-stdext/2.0/jdbc-stdext-2.0.jar
2017-04-20 09:48:47,547 [Worker-4] INFO  o.e.m.c.i.embedder.EclipseLogger - Installing /var/folders/18/mrhqj5594t17ptgyt7w541140000gn/T/mvninstall2500870416613943996.pom to /Users/cassie/.m2/repository/javax/sql/jdbc-stdext/2.0/jdbc-stdext-2.0.pom
2017-04-20 09:48:48,750 [Worker-4] INFO  o.e.m.c.i.e.AbstractTransferListenerAdapter - Downloaded https://repo.maven.apache.org/maven2/javax/jts/jts/1.0/jts-1.0.jar
2017-04-20 09:48:48,763 [Worker-4] INFO  o.e.m.c.i.embedder.EclipseLogger - Installing /Applications/MyEclipse 2016 CI/MyEclipse 2016 CI.app/Contents/Profile/plugins/com.genuitec.eclipse.j2eedt.core_13.0.0.me201605020208/data/libraryset/1.3/jts.jar to /Users/cassie/.m2/repository/javax/jts/jts/1.0/jts-1.0.jar
2017-04-20 09:48:48,777 [Worker-4] INFO  o.e.m.c.i.embedder.EclipseLogger - Installing /var/folders/18/mrhqj5594t17ptgyt7w541140000gn/T/mvninstall4647238153651669161.pom to /Users/cassie/.m2/repository/javax/jts/jts/1.0/jts-1.0.pom
2017-04-20 09:48:49,981 [Worker-4] INFO  o.e.m.c.i.e.AbstractTransferListenerAdapter - Downloaded https://repo.maven.apache.org/maven2/el-api/el-api/1.0/el-api-1.0.jar
2017-04-20 09:48:49,991 [Worker-4] INFO  o.e.m.c.i.embedder.EclipseLogger - Installing /Applications/MyEclipse 2016 CI/MyEclipse 2016 CI.app/Contents/Profile/configuration/org.eclipse.osgi/54/0/.cp/data/facelets/lib/el-api.jar to /Users/cassie/.m2/repository/el-api/el-api/1.0/el-api-1.0.jar
2017-04-20 09:48:50,019 [Worker-4] INFO  o.e.m.c.i.embedder.EclipseLogger - Installing /var/folders/18/mrhqj5594t17ptgyt7w541140000gn/T/mvninstall5871017842012369231.pom to /Users/cassie/.m2/repository/el-api/el-api/1.0/el-api-1.0.pom
2017-04-20 09:48:51,166 [Worker-4] INFO  o.e.m.c.i.e.AbstractTransferListenerAdapter - Downloaded https://repo.maven.apache.org/maven2/el-ri/el-ri/1.0/el-ri-1.0.jar
2017-04-20 09:48:51,179 [Worker-4] INFO  o.e.m.c.i.embedder.EclipseLogger - Installing /Applications/MyEclipse 2016 CI/MyEclipse 2016 CI.app/Contents/Profile/configuration/org.eclipse.osgi/54/0/.cp/data/facelets/lib/el-ri.jar to /Users/cassie/.m2/repository/el-ri/el-ri/1.0/el-ri-1.0.jar
2017-04-20 09:48:51,199 [Worker-4] INFO  o.e.m.c.i.embedder.EclipseLogger - Installing /var/folders/18/mrhqj5594t17ptgyt7w541140000gn/T/mvninstall4428956195762107127.pom to /Users/cassie/.m2/repository/el-ri/el-ri/1.0/el-ri-1.0.pom
2017-04-20 09:48:53,757 [Worker-4] INFO  o.e.m.c.i.e.AbstractTransferListenerAdapter - Downloaded https://repo.maven.apache.org/maven2/javax/faces/jsf-api/2.0.3/jsf-api-2.0.3.jar
2017-04-20 09:48:53,768 [Worker-4] INFO  o.e.m.c.i.embedder.EclipseLogger - Installing /Applications/MyEclipse 2016 CI/MyEclipse 2016 CI.app/Contents/Profile/configuration/org.eclipse.osgi/54/0/.cp/data/2.0/Mojarra/jsf-api.jar to /Users/cassie/.m2/repository/javax/faces/jsf-api/2.0.3/jsf-api-2.0.3.jar
2017-04-20 09:48:53,783 [Worker-4] INFO  o.e.m.c.i.embedder.EclipseLogger - Installing /var/folders/18/mrhqj5594t17ptgyt7w541140000gn/T/mvninstall6767183725101776863.pom to /Users/cassie/.m2/repository/javax/faces/jsf-api/2.0.3/jsf-api-2.0.3.pom
2017-04-20 09:48:54,770 [Worker-4] INFO  o.e.m.c.i.e.AbstractTransferListenerAdapter - Downloaded https://repo.maven.apache.org/maven2/javax/faces/jsf-impl/2.0.3/jsf-impl-2.0.3.jar
2017-04-20 09:48:54,783 [Worker-4] INFO  o.e.m.c.i.embedder.EclipseLogger - Installing /Applications/MyEclipse 2016 CI/MyEclipse 2016 CI.app/Contents/Profile/configuration/org.eclipse.osgi/54/0/.cp/data/2.0/Mojarra/jsf-impl.jar to /Users/cassie/.m2/repository/javax/faces/jsf-impl/2.0.3/jsf-impl-2.0.3.jar
2017-04-20 09:48:54,799 [Worker-4] INFO  o.e.m.c.i.embedder.EclipseLogger - Installing /var/folders/18/mrhqj5594t17ptgyt7w541140000gn/T/mvninstall6378804750219019460.pom to /Users/cassie/.m2/repository/javax/faces/jsf-impl/2.0.3/jsf-impl-2.0.3.pom
2017-04-20 09:48:58,707 [Worker-4] INFO  o.e.m.c.i.e.AbstractTransferListenerAdapter - Downloaded https://repo.maven.apache.org/maven2/org/jboss/cache/jbosscache-core/3.1.0/jbosscache-core-3.1.0.jar
2017-04-20 09:48:58,726 [Worker-4] INFO  o.e.m.c.i.embedder.EclipseLogger - Installing /Applications/MyEclipse 2016 CI/MyEclipse 2016 CI.app/Contents/Profile/configuration/org.eclipse.osgi/56/0/.cp/myeclipse-data/3.3/lib/extra/jbosscache2/jbosscache-core-3.1.0.GA.jar to /Users/cassie/.m2/repository/org/jboss/cache/jbosscache-core/3.1.0/jbosscache-core-3.1.0.jar
2017-04-20 09:48:58,764 [Worker-4] INFO  o.e.m.c.i.embedder.EclipseLogger - Installing /var/folders/18/mrhqj5594t17ptgyt7w541140000gn/T/mvninstall5094653548475021190.pom to /Users/cassie/.m2/repository/org/jboss/cache/jbosscache-core/3.1.0/jbosscache-core-3.1.0.pom
2017-04-20 09:48:59,906 [Worker-4] INFO  o.e.m.c.i.e.AbstractTransferListenerAdapter - Downloaded https://repo.maven.apache.org/maven2/javax/resource/connector/1.0/connector-1.0.jar
2017-04-20 09:48:59,916 [Worker-4] INFO  o.e.m.c.i.embedder.EclipseLogger - Installing /Applications/MyEclipse 2016 CI/MyEclipse 2016 CI.app/Contents/Profile/configuration/org.eclipse.osgi/56/0/.cp/myeclipse-data/2.1/lib/extra/connector.jar to /Users/cassie/.m2/repository/javax/resource/connector/1.0/connector-1.0.jar
2017-04-20 09:48:59,928 [Worker-4] INFO  o.e.m.c.i.embedder.EclipseLogger - Installing /var/folders/18/mrhqj5594t17ptgyt7w541140000gn/T/mvninstall6009474704877346976.pom to /Users/cassie/.m2/repository/javax/resource/connector/1.0/connector-1.0.pom
2017-04-20 09:49:01,140 [Worker-4] INFO  o.e.m.c.i.e.AbstractTransferListenerAdapter - Downloaded https://repo.maven.apache.org/maven2/javax/security/jacc/1.0/jacc-1.0.jar
2017-04-20 11:03:58,970 [Worker-16] INFO  j.exodus.env.EnvironmentImpl - Exodus environment created: /Users/cassie/Desktop/myeclipse/.metadata/com.genuitec.eclipse.webclipse.livepreview/0/store
2017-04-20 11:04:03,059 [Worker-16] INFO  j.exodus.env.EnvironmentImpl - Exodus environment created: /Users/cassie/Desktop/myeclipse/.metadata/com.genuitec.eclipse.webclipse.livepreview/1/store
2017-04-20 11:04:03,185 [Worker-16] INFO  org.eclipse.jetty.util.log - Logging initialized @2604059ms
2017-04-20 11:04:05,362 [Worker-9] INFO  o.e.m.c.i.i.nexus.NexusIndexManager - Updating index for repository: central|https://repo.maven.apache.org/maven2
2017-04-20 11:04:11,182 [Worker-9] ERROR o.e.m.c.i.i.nexus.NexusIndexManager - Unable to update index for central|https://repo.maven.apache.org/maven2: no segments* file found in org.apache.lucene.store.FSDirectory@/private/var/folders/18/mrhqj5594t17ptgyt7w541140000gn/T/nexus-index4977641268073993864.dir: files:
java.io.FileNotFoundException: no segments* file found in org.apache.lucene.store.FSDirectory@/private/var/folders/18/mrhqj5594t17ptgyt7w541140000gn/T/nexus-index4977641268073993864.dir: files:
	at org.apache.lucene.index.SegmentInfos$FindSegmentsFile.run(SegmentInfos.java:604) ~[lucene-core-2.4.1.jar:2.4.1 750176 - 2009-03-04 21:56:52]
	at org.apache.lucene.index.DirectoryIndexReader.open(DirectoryIndexReader.java:115) ~[lucene-core-2.4.1.jar:2.4.1 750176 - 2009-03-04 21:56:52]
	at org.apache.lucene.index.IndexReader.open(IndexReader.java:316) ~[lucene-core-2.4.1.jar:2.4.1 750176 - 2009-03-04 21:56:52]
	at org.apache.lucene.index.IndexReader.open(IndexReader.java:227) ~[lucene-core-2.4.1.jar:2.4.1 750176 - 2009-03-04 21:56:52]
	at org.apache.maven.index.updater.DefaultIndexUpdater.copyUpdatedDocuments(DefaultIndexUpdater.java:352) ~[indexer-core-3.1.0.jar:3.1.0]
	at org.apache.maven.index.updater.DefaultIndexUpdater.unpackIndexArchive(DefaultIndexUpdater.java:288) ~[indexer-core-3.1.0.jar:3.1.0]
	at org.apache.maven.index.updater.DefaultIndexUpdater.loadIndexDirectory(DefaultIndexUpdater.java:218) ~[indexer-core-3.1.0.jar:3.1.0]
	at org.apache.maven.index.updater.DefaultIndexUpdater.access$300(DefaultIndexUpdater.java:75) ~[indexer-core-3.1.0.jar:3.1.0]
	at org.apache.maven.index.updater.DefaultIndexUpdater$LuceneIndexAdaptor.setIndexFile(DefaultIndexUpdater.java:645) ~[indexer-core-3.1.0.jar:3.1.0]
	at org.apache.maven.index.updater.DefaultIndexUpdater.fetchAndUpdateIndex(DefaultIndexUpdater.java:844) ~[indexer-core-3.1.0.jar:3.1.0]
	at org.apache.maven.index.updater.DefaultIndexUpdater.fetchAndUpdateIndex(DefaultIndexUpdater.java:156) ~[indexer-core-3.1.0.jar:3.1.0]
	at org.eclipse.m2e.core.internal.index.nexus.NexusIndexManager.updateRemoteIndex(NexusIndexManager.java:1251) [org.eclipse.m2e.core_1.6.0.me201603161722.jar:na]
	at org.eclipse.m2e.core.internal.index.nexus.NexusIndexManager.updateIndex(NexusIndexManager.java:1193) [org.eclipse.m2e.core_1.6.0.me201603161722.jar:na]
	at org.eclipse.m2e.core.internal.index.nexus.NexusIndexManager$1.run(NexusIndexManager.java:703) [org.eclipse.m2e.core_1.6.0.me201603161722.jar:na]
	at org.eclipse.m2e.core.internal.index.nexus.IndexUpdaterJob.run(IndexUpdaterJob.java:72) [org.eclipse.m2e.core_1.6.0.me201603161722.jar:na]
	at org.eclipse.core.internal.jobs.Worker.run(Worker.java:55) [org.eclipse.core.jobs_3.7.0.v20150330-2103.jar:na]
2017-04-21 13:13:15,981 [Worker-7] INFO  o.e.m.c.i.i.nexus.NexusIndexManager - Updating index for repository: central|https://repo.maven.apache.org/maven2
2017-04-21 13:13:19,146 [Worker-7] ERROR o.e.m.c.i.i.nexus.NexusIndexManager - Unable to update index for central|https://repo.maven.apache.org/maven2: no segments* file found in org.apache.lucene.store.FSDirectory@/private/var/folders/18/mrhqj5594t17ptgyt7w541140000gn/T/nexus-index7570884050889305954.dir: files:
java.io.FileNotFoundException: no segments* file found in org.apache.lucene.store.FSDirectory@/private/var/folders/18/mrhqj5594t17ptgyt7w541140000gn/T/nexus-index7570884050889305954.dir: files:
	at org.apache.lucene.index.SegmentInfos$FindSegmentsFile.run(SegmentInfos.java:604) ~[lucene-core-2.4.1.jar:2.4.1 750176 - 2009-03-04 21:56:52]
	at org.apache.lucene.index.DirectoryIndexReader.open(DirectoryIndexReader.java:115) ~[lucene-core-2.4.1.jar:2.4.1 750176 - 2009-03-04 21:56:52]
	at org.apache.lucene.index.IndexReader.open(IndexReader.java:316) ~[lucene-core-2.4.1.jar:2.4.1 750176 - 2009-03-04 21:56:52]
	at org.apache.lucene.index.IndexReader.open(IndexReader.java:227) ~[lucene-core-2.4.1.jar:2.4.1 750176 - 2009-03-04 21:56:52]
	at org.apache.maven.index.updater.DefaultIndexUpdater.copyUpdatedDocuments(DefaultIndexUpdater.java:352) ~[indexer-core-3.1.0.jar:3.1.0]
	at org.apache.maven.index.updater.DefaultIndexUpdater.unpackIndexArchive(DefaultIndexUpdater.java:288) ~[indexer-core-3.1.0.jar:3.1.0]
	at org.apache.maven.index.updater.DefaultIndexUpdater.loadIndexDirectory(DefaultIndexUpdater.java:218) ~[indexer-core-3.1.0.jar:3.1.0]
	at org.apache.maven.index.updater.DefaultIndexUpdater.access$300(DefaultIndexUpdater.java:75) ~[indexer-core-3.1.0.jar:3.1.0]
	at org.apache.maven.index.updater.DefaultIndexUpdater$LuceneIndexAdaptor.setIndexFile(DefaultIndexUpdater.java:645) ~[indexer-core-3.1.0.jar:3.1.0]
	at org.apache.maven.index.updater.DefaultIndexUpdater.fetchAndUpdateIndex(DefaultIndexUpdater.java:844) ~[indexer-core-3.1.0.jar:3.1.0]
	at org.apache.maven.index.updater.DefaultIndexUpdater.fetchAndUpdateIndex(DefaultIndexUpdater.java:156) ~[indexer-core-3.1.0.jar:3.1.0]
	at org.eclipse.m2e.core.internal.index.nexus.NexusIndexManager.updateRemoteIndex(NexusIndexManager.java:1251) [org.eclipse.m2e.core_1.6.0.me201603161722.jar:na]
	at org.eclipse.m2e.core.internal.index.nexus.NexusIndexManager.updateIndex(NexusIndexManager.java:1193) [org.eclipse.m2e.core_1.6.0.me201603161722.jar:na]
	at org.eclipse.m2e.core.internal.index.nexus.NexusIndexManager$1.run(NexusIndexManager.java:703) [org.eclipse.m2e.core_1.6.0.me201603161722.jar:na]
	at org.eclipse.m2e.core.internal.index.nexus.IndexUpdaterJob.run(IndexUpdaterJob.java:72) [org.eclipse.m2e.core_1.6.0.me201603161722.jar:na]
	at org.eclipse.core.internal.jobs.Worker.run(Worker.java:55) [org.eclipse.core.jobs_3.7.0.v20150330-2103.jar:na]
2017-04-24 10:04:01,194 [Worker-6] INFO  o.e.m.c.i.i.nexus.NexusIndexManager - Updating index for repository: central|https://repo.maven.apache.org/maven2
2017-04-24 10:04:25,726 [Worker-6] ERROR o.e.m.c.i.i.nexus.NexusIndexManager - Unable to update index for central|https://repo.maven.apache.org/maven2: no segments* file found in org.apache.lucene.store.FSDirectory@/private/var/folders/18/mrhqj5594t17ptgyt7w541140000gn/T/nexus-index8473586785127173475.dir: files:
java.io.FileNotFoundException: no segments* file found in org.apache.lucene.store.FSDirectory@/private/var/folders/18/mrhqj5594t17ptgyt7w541140000gn/T/nexus-index8473586785127173475.dir: files:
	at org.apache.lucene.index.SegmentInfos$FindSegmentsFile.run(SegmentInfos.java:604) ~[lucene-core-2.4.1.jar:2.4.1 750176 - 2009-03-04 21:56:52]
	at org.apache.lucene.index.DirectoryIndexReader.open(DirectoryIndexReader.java:115) ~[lucene-core-2.4.1.jar:2.4.1 750176 - 2009-03-04 21:56:52]
	at org.apache.lucene.index.IndexReader.open(IndexReader.java:316) ~[lucene-core-2.4.1.jar:2.4.1 750176 - 2009-03-04 21:56:52]
	at org.apache.lucene.index.IndexReader.open(IndexReader.java:227) ~[lucene-core-2.4.1.jar:2.4.1 750176 - 2009-03-04 21:56:52]
	at org.apache.maven.index.updater.DefaultIndexUpdater.copyUpdatedDocuments(DefaultIndexUpdater.java:352) ~[indexer-core-3.1.0.jar:3.1.0]
	at org.apache.maven.index.updater.DefaultIndexUpdater.unpackIndexArchive(DefaultIndexUpdater.java:288) ~[indexer-core-3.1.0.jar:3.1.0]
	at org.apache.maven.index.updater.DefaultIndexUpdater.loadIndexDirectory(DefaultIndexUpdater.java:218) ~[indexer-core-3.1.0.jar:3.1.0]
	at org.apache.maven.index.updater.DefaultIndexUpdater.access$300(DefaultIndexUpdater.java:75) ~[indexer-core-3.1.0.jar:3.1.0]
	at org.apache.maven.index.updater.DefaultIndexUpdater$LuceneIndexAdaptor.setIndexFile(DefaultIndexUpdater.java:645) ~[indexer-core-3.1.0.jar:3.1.0]
	at org.apache.maven.index.updater.DefaultIndexUpdater.fetchAndUpdateIndex(DefaultIndexUpdater.java:844) ~[indexer-core-3.1.0.jar:3.1.0]
	at org.apache.maven.index.updater.DefaultIndexUpdater.fetchAndUpdateIndex(DefaultIndexUpdater.java:156) ~[indexer-core-3.1.0.jar:3.1.0]
	at org.eclipse.m2e.core.internal.index.nexus.NexusIndexManager.updateRemoteIndex(NexusIndexManager.java:1251) [org.eclipse.m2e.core_1.6.0.me201603161722.jar:na]
	at org.eclipse.m2e.core.internal.index.nexus.NexusIndexManager.updateIndex(NexusIndexManager.java:1193) [org.eclipse.m2e.core_1.6.0.me201603161722.jar:na]
	at org.eclipse.m2e.core.internal.index.nexus.NexusIndexManager$1.run(NexusIndexManager.java:703) [org.eclipse.m2e.core_1.6.0.me201603161722.jar:na]
	at org.eclipse.m2e.core.internal.index.nexus.IndexUpdaterJob.run(IndexUpdaterJob.java:72) [org.eclipse.m2e.core_1.6.0.me201603161722.jar:na]
	at org.eclipse.core.internal.jobs.Worker.run(Worker.java:55) [org.eclipse.core.jobs_3.7.0.v20150330-2103.jar:na]
2017-04-25 09:30:48,486 [Worker-9] INFO  o.e.m.c.i.i.nexus.NexusIndexManager - Updating index for repository: central|https://repo.maven.apache.org/maven2
2017-04-25 09:30:52,006 [Worker-9] ERROR o.e.m.c.i.i.nexus.NexusIndexManager - Unable to update index for central|https://repo.maven.apache.org/maven2: no segments* file found in org.apache.lucene.store.FSDirectory@/private/var/folders/18/mrhqj5594t17ptgyt7w541140000gn/T/nexus-index3235574722937226980.dir: files:
java.io.FileNotFoundException: no segments* file found in org.apache.lucene.store.FSDirectory@/private/var/folders/18/mrhqj5594t17ptgyt7w541140000gn/T/nexus-index3235574722937226980.dir: files:
	at org.apache.lucene.index.SegmentInfos$FindSegmentsFile.run(SegmentInfos.java:604) ~[lucene-core-2.4.1.jar:2.4.1 750176 - 2009-03-04 21:56:52]
	at org.apache.lucene.index.DirectoryIndexReader.open(DirectoryIndexReader.java:115) ~[lucene-core-2.4.1.jar:2.4.1 750176 - 2009-03-04 21:56:52]
	at org.apache.lucene.index.IndexReader.open(IndexReader.java:316) ~[lucene-core-2.4.1.jar:2.4.1 750176 - 2009-03-04 21:56:52]
	at org.apache.lucene.index.IndexReader.open(IndexReader.java:227) ~[lucene-core-2.4.1.jar:2.4.1 750176 - 2009-03-04 21:56:52]
	at org.apache.maven.index.updater.DefaultIndexUpdater.copyUpdatedDocuments(DefaultIndexUpdater.java:352) ~[indexer-core-3.1.0.jar:3.1.0]
	at org.apache.maven.index.updater.DefaultIndexUpdater.unpackIndexArchive(DefaultIndexUpdater.java:288) ~[indexer-core-3.1.0.jar:3.1.0]
	at org.apache.maven.index.updater.DefaultIndexUpdater.loadIndexDirectory(DefaultIndexUpdater.java:218) ~[indexer-core-3.1.0.jar:3.1.0]
	at org.apache.maven.index.updater.DefaultIndexUpdater.access$300(DefaultIndexUpdater.java:75) ~[indexer-core-3.1.0.jar:3.1.0]
	at org.apache.maven.index.updater.DefaultIndexUpdater$LuceneIndexAdaptor.setIndexFile(DefaultIndexUpdater.java:645) ~[indexer-core-3.1.0.jar:3.1.0]
	at org.apache.maven.index.updater.DefaultIndexUpdater.fetchAndUpdateIndex(DefaultIndexUpdater.java:844) ~[indexer-core-3.1.0.jar:3.1.0]
	at org.apache.maven.index.updater.DefaultIndexUpdater.fetchAndUpdateIndex(DefaultIndexUpdater.java:156) ~[indexer-core-3.1.0.jar:3.1.0]
	at org.eclipse.m2e.core.internal.index.nexus.NexusIndexManager.updateRemoteIndex(NexusIndexManager.java:1251) [org.eclipse.m2e.core_1.6.0.me201603161722.jar:na]
	at org.eclipse.m2e.core.internal.index.nexus.NexusIndexManager.updateIndex(NexusIndexManager.java:1193) [org.eclipse.m2e.core_1.6.0.me201603161722.jar:na]
	at org.eclipse.m2e.core.internal.index.nexus.NexusIndexManager$1.run(NexusIndexManager.java:703) [org.eclipse.m2e.core_1.6.0.me201603161722.jar:na]
	at org.eclipse.m2e.core.internal.index.nexus.IndexUpdaterJob.run(IndexUpdaterJob.java:72) [org.eclipse.m2e.core_1.6.0.me201603161722.jar:na]
	at org.eclipse.core.internal.jobs.Worker.run(Worker.java:55) [org.eclipse.core.jobs_3.7.0.v20150330-2103.jar:na]
2017-04-25 20:08:23,258 [Worker-1] INFO  o.e.m.c.i.i.nexus.NexusIndexManager - Updating index for repository: central|https://repo.maven.apache.org/maven2
2017-04-25 20:08:28,582 [Worker-1] ERROR o.e.m.c.i.i.nexus.NexusIndexManager - Unable to update index for central|https://repo.maven.apache.org/maven2: no segments* file found in org.apache.lucene.store.FSDirectory@/private/var/folders/18/mrhqj5594t17ptgyt7w541140000gn/T/nexus-index988449167240124740.dir: files:
java.io.FileNotFoundException: no segments* file found in org.apache.lucene.store.FSDirectory@/private/var/folders/18/mrhqj5594t17ptgyt7w541140000gn/T/nexus-index988449167240124740.dir: files:
	at org.apache.lucene.index.SegmentInfos$FindSegmentsFile.run(SegmentInfos.java:604) ~[lucene-core-2.4.1.jar:2.4.1 750176 - 2009-03-04 21:56:52]
	at org.apache.lucene.index.DirectoryIndexReader.open(DirectoryIndexReader.java:115) ~[lucene-core-2.4.1.jar:2.4.1 750176 - 2009-03-04 21:56:52]
	at org.apache.lucene.index.IndexReader.open(IndexReader.java:316) ~[lucene-core-2.4.1.jar:2.4.1 750176 - 2009-03-04 21:56:52]
	at org.apache.lucene.index.IndexReader.open(IndexReader.java:227) ~[lucene-core-2.4.1.jar:2.4.1 750176 - 2009-03-04 21:56:52]
	at org.apache.maven.index.updater.DefaultIndexUpdater.copyUpdatedDocuments(DefaultIndexUpdater.java:352) ~[indexer-core-3.1.0.jar:3.1.0]
	at org.apache.maven.index.updater.DefaultIndexUpdater.unpackIndexArchive(DefaultIndexUpdater.java:288) ~[indexer-core-3.1.0.jar:3.1.0]
	at org.apache.maven.index.updater.DefaultIndexUpdater.loadIndexDirectory(DefaultIndexUpdater.java:218) ~[indexer-core-3.1.0.jar:3.1.0]
	at org.apache.maven.index.updater.DefaultIndexUpdater.access$300(DefaultIndexUpdater.java:75) ~[indexer-core-3.1.0.jar:3.1.0]
	at org.apache.maven.index.updater.DefaultIndexUpdater$LuceneIndexAdaptor.setIndexFile(DefaultIndexUpdater.java:645) ~[indexer-core-3.1.0.jar:3.1.0]
	at org.apache.maven.index.updater.DefaultIndexUpdater.fetchAndUpdateIndex(DefaultIndexUpdater.java:844) ~[indexer-core-3.1.0.jar:3.1.0]
	at org.apache.maven.index.updater.DefaultIndexUpdater.fetchAndUpdateIndex(DefaultIndexUpdater.java:156) ~[indexer-core-3.1.0.jar:3.1.0]
	at org.eclipse.m2e.core.internal.index.nexus.NexusIndexManager.updateRemoteIndex(NexusIndexManager.java:1251) [org.eclipse.m2e.core_1.6.0.me201603161722.jar:na]
	at org.eclipse.m2e.core.internal.index.nexus.NexusIndexManager.updateIndex(NexusIndexManager.java:1193) [org.eclipse.m2e.core_1.6.0.me201603161722.jar:na]
	at org.eclipse.m2e.core.internal.index.nexus.NexusIndexManager$1.run(NexusIndexManager.java:703) [org.eclipse.m2e.core_1.6.0.me201603161722.jar:na]
	at org.eclipse.m2e.core.internal.index.nexus.IndexUpdaterJob.run(IndexUpdaterJob.java:72) [org.eclipse.m2e.core_1.6.0.me201603161722.jar:na]
	at org.eclipse.core.internal.jobs.Worker.run(Worker.java:55) [org.eclipse.core.jobs_3.7.0.v20150330-2103.jar:na]
2017-04-26 11:12:04,366 [Worker-6] INFO  o.e.m.c.i.i.nexus.NexusIndexManager - Updating index for repository: central|https://repo.maven.apache.org/maven2
2017-04-26 11:12:07,862 [Worker-6] ERROR o.e.m.c.i.i.nexus.NexusIndexManager - Unable to update index for central|https://repo.maven.apache.org/maven2: no segments* file found in org.apache.lucene.store.FSDirectory@/private/var/folders/18/mrhqj5594t17ptgyt7w541140000gn/T/nexus-index8337714464430690553.dir: files:
java.io.FileNotFoundException: no segments* file found in org.apache.lucene.store.FSDirectory@/private/var/folders/18/mrhqj5594t17ptgyt7w541140000gn/T/nexus-index8337714464430690553.dir: files:
	at org.apache.lucene.index.SegmentInfos$FindSegmentsFile.run(SegmentInfos.java:604) ~[lucene-core-2.4.1.jar:2.4.1 750176 - 2009-03-04 21:56:52]
	at org.apache.lucene.index.DirectoryIndexReader.open(DirectoryIndexReader.java:115) ~[lucene-core-2.4.1.jar:2.4.1 750176 - 2009-03-04 21:56:52]
	at org.apache.lucene.index.IndexReader.open(IndexReader.java:316) ~[lucene-core-2.4.1.jar:2.4.1 750176 - 2009-03-04 21:56:52]
	at org.apache.lucene.index.IndexReader.open(IndexReader.java:227) ~[lucene-core-2.4.1.jar:2.4.1 750176 - 2009-03-04 21:56:52]
	at org.apache.maven.index.updater.DefaultIndexUpdater.copyUpdatedDocuments(DefaultIndexUpdater.java:352) ~[indexer-core-3.1.0.jar:3.1.0]
	at org.apache.maven.index.updater.DefaultIndexUpdater.unpackIndexArchive(DefaultIndexUpdater.java:288) ~[indexer-core-3.1.0.jar:3.1.0]
	at org.apache.maven.index.updater.DefaultIndexUpdater.loadIndexDirectory(DefaultIndexUpdater.java:218) ~[indexer-core-3.1.0.jar:3.1.0]
	at org.apache.maven.index.updater.DefaultIndexUpdater.access$300(DefaultIndexUpdater.java:75) ~[indexer-core-3.1.0.jar:3.1.0]
	at org.apache.maven.index.updater.DefaultIndexUpdater$LuceneIndexAdaptor.setIndexFile(DefaultIndexUpdater.java:645) ~[indexer-core-3.1.0.jar:3.1.0]
	at org.apache.maven.index.updater.DefaultIndexUpdater.fetchAndUpdateIndex(DefaultIndexUpdater.java:844) ~[indexer-core-3.1.0.jar:3.1.0]
	at org.apache.maven.index.updater.DefaultIndexUpdater.fetchAndUpdateIndex(DefaultIndexUpdater.java:156) ~[indexer-core-3.1.0.jar:3.1.0]
	at org.eclipse.m2e.core.internal.index.nexus.NexusIndexManager.updateRemoteIndex(NexusIndexManager.java:1251) [org.eclipse.m2e.core_1.6.0.me201603161722.jar:na]
	at org.eclipse.m2e.core.internal.index.nexus.NexusIndexManager.updateIndex(NexusIndexManager.java:1193) [org.eclipse.m2e.core_1.6.0.me201603161722.jar:na]
	at org.eclipse.m2e.core.internal.index.nexus.NexusIndexManager$1.run(NexusIndexManager.java:703) [org.eclipse.m2e.core_1.6.0.me201603161722.jar:na]
	at org.eclipse.m2e.core.internal.index.nexus.IndexUpdaterJob.run(IndexUpdaterJob.java:72) [org.eclipse.m2e.core_1.6.0.me201603161722.jar:na]
	at org.eclipse.core.internal.jobs.Worker.run(Worker.java:55) [org.eclipse.core.jobs_3.7.0.v20150330-2103.jar:na]
2017-05-03 21:58:10,331 [Worker-4] INFO  o.e.m.c.i.i.nexus.NexusIndexManager - Updating index for repository: central|https://repo.maven.apache.org/maven2
2017-05-03 22:00:05,266 [Worker-4] ERROR o.e.m.c.i.i.nexus.NexusIndexManager - Unable to update index for central|https://repo.maven.apache.org/maven2: no segments* file found in org.apache.lucene.store.FSDirectory@/private/var/folders/18/mrhqj5594t17ptgyt7w541140000gn/T/nexus-index6781833283718519272.dir: files:
java.io.FileNotFoundException: no segments* file found in org.apache.lucene.store.FSDirectory@/private/var/folders/18/mrhqj5594t17ptgyt7w541140000gn/T/nexus-index6781833283718519272.dir: files:
	at org.apache.lucene.index.SegmentInfos$FindSegmentsFile.run(SegmentInfos.java:604) ~[lucene-core-2.4.1.jar:2.4.1 750176 - 2009-03-04 21:56:52]
	at org.apache.lucene.index.DirectoryIndexReader.open(DirectoryIndexReader.java:115) ~[lucene-core-2.4.1.jar:2.4.1 750176 - 2009-03-04 21:56:52]
	at org.apache.lucene.index.IndexReader.open(IndexReader.java:316) ~[lucene-core-2.4.1.jar:2.4.1 750176 - 2009-03-04 21:56:52]
	at org.apache.lucene.index.IndexReader.open(IndexReader.java:227) ~[lucene-core-2.4.1.jar:2.4.1 750176 - 2009-03-04 21:56:52]
	at org.apache.maven.index.updater.DefaultIndexUpdater.copyUpdatedDocuments(DefaultIndexUpdater.java:352) ~[indexer-core-3.1.0.jar:3.1.0]
	at org.apache.maven.index.updater.DefaultIndexUpdater.unpackIndexArchive(DefaultIndexUpdater.java:288) ~[indexer-core-3.1.0.jar:3.1.0]
	at org.apache.maven.index.updater.DefaultIndexUpdater.loadIndexDirectory(DefaultIndexUpdater.java:218) ~[indexer-core-3.1.0.jar:3.1.0]
	at org.apache.maven.index.updater.DefaultIndexUpdater.access$300(DefaultIndexUpdater.java:75) ~[indexer-core-3.1.0.jar:3.1.0]
	at org.apache.maven.index.updater.DefaultIndexUpdater$LuceneIndexAdaptor.setIndexFile(DefaultIndexUpdater.java:645) ~[indexer-core-3.1.0.jar:3.1.0]
	at org.apache.maven.index.updater.DefaultIndexUpdater.fetchAndUpdateIndex(DefaultIndexUpdater.java:844) ~[indexer-core-3.1.0.jar:3.1.0]
	at org.apache.maven.index.updater.DefaultIndexUpdater.fetchAndUpdateIndex(DefaultIndexUpdater.java:156) ~[indexer-core-3.1.0.jar:3.1.0]
	at org.eclipse.m2e.core.internal.index.nexus.NexusIndexManager.updateRemoteIndex(NexusIndexManager.java:1251) [org.eclipse.m2e.core_1.6.0.me201603161722.jar:na]
	at org.eclipse.m2e.core.internal.index.nexus.NexusIndexManager.updateIndex(NexusIndexManager.java:1193) [org.eclipse.m2e.core_1.6.0.me201603161722.jar:na]
	at org.eclipse.m2e.core.internal.index.nexus.NexusIndexManager$1.run(NexusIndexManager.java:703) [org.eclipse.m2e.core_1.6.0.me201603161722.jar:na]
	at org.eclipse.m2e.core.internal.index.nexus.IndexUpdaterJob.run(IndexUpdaterJob.java:72) [org.eclipse.m2e.core_1.6.0.me201603161722.jar:na]
	at org.eclipse.core.internal.jobs.Worker.run(Worker.java:55) [org.eclipse.core.jobs_3.7.0.v20150330-2103.jar:na]
2017-05-03 22:07:09,464 [Worker-1] INFO  o.e.m.c.i.i.nexus.NexusIndexManager - Updating index for repository: central|https://repo.maven.apache.org/maven2
2017-05-03 22:07:14,851 [Worker-1] ERROR o.e.m.c.i.i.nexus.NexusIndexManager - Unable to update index for central|https://repo.maven.apache.org/maven2: no segments* file found in org.apache.lucene.store.FSDirectory@/private/var/folders/18/mrhqj5594t17ptgyt7w541140000gn/T/nexus-index4503841573331050214.dir: files:
java.io.FileNotFoundException: no segments* file found in org.apache.lucene.store.FSDirectory@/private/var/folders/18/mrhqj5594t17ptgyt7w541140000gn/T/nexus-index4503841573331050214.dir: files:
	at org.apache.lucene.index.SegmentInfos$FindSegmentsFile.run(SegmentInfos.java:604) ~[lucene-core-2.4.1.jar:2.4.1 750176 - 2009-03-04 21:56:52]
	at org.apache.lucene.index.DirectoryIndexReader.open(DirectoryIndexReader.java:115) ~[lucene-core-2.4.1.jar:2.4.1 750176 - 2009-03-04 21:56:52]
	at org.apache.lucene.index.IndexReader.open(IndexReader.java:316) ~[lucene-core-2.4.1.jar:2.4.1 750176 - 2009-03-04 21:56:52]
	at org.apache.lucene.index.IndexReader.open(IndexReader.java:227) ~[lucene-core-2.4.1.jar:2.4.1 750176 - 2009-03-04 21:56:52]
	at org.apache.maven.index.updater.DefaultIndexUpdater.copyUpdatedDocuments(DefaultIndexUpdater.java:352) ~[indexer-core-3.1.0.jar:3.1.0]
	at org.apache.maven.index.updater.DefaultIndexUpdater.unpackIndexArchive(DefaultIndexUpdater.java:288) ~[indexer-core-3.1.0.jar:3.1.0]
	at org.apache.maven.index.updater.DefaultIndexUpdater.loadIndexDirectory(DefaultIndexUpdater.java:218) ~[indexer-core-3.1.0.jar:3.1.0]
	at org.apache.maven.index.updater.DefaultIndexUpdater.access$300(DefaultIndexUpdater.java:75) ~[indexer-core-3.1.0.jar:3.1.0]
	at org.apache.maven.index.updater.DefaultIndexUpdater$LuceneIndexAdaptor.setIndexFile(DefaultIndexUpdater.java:645) ~[indexer-core-3.1.0.jar:3.1.0]
	at org.apache.maven.index.updater.DefaultIndexUpdater.fetchAndUpdateIndex(DefaultIndexUpdater.java:844) ~[indexer-core-3.1.0.jar:3.1.0]
	at org.apache.maven.index.updater.DefaultIndexUpdater.fetchAndUpdateIndex(DefaultIndexUpdater.java:156) ~[indexer-core-3.1.0.jar:3.1.0]
	at org.eclipse.m2e.core.internal.index.nexus.NexusIndexManager.updateRemoteIndex(NexusIndexManager.java:1251) [org.eclipse.m2e.core_1.6.0.me201603161722.jar:na]
	at org.eclipse.m2e.core.internal.index.nexus.NexusIndexManager.updateIndex(NexusIndexManager.java:1193) [org.eclipse.m2e.core_1.6.0.me201603161722.jar:na]
	at org.eclipse.m2e.core.internal.index.nexus.NexusIndexManager$1.run(NexusIndexManager.java:703) [org.eclipse.m2e.core_1.6.0.me201603161722.jar:na]
	at org.eclipse.m2e.core.internal.index.nexus.IndexUpdaterJob.run(IndexUpdaterJob.java:72) [org.eclipse.m2e.core_1.6.0.me201603161722.jar:na]
	at org.eclipse.core.internal.jobs.Worker.run(Worker.java:55) [org.eclipse.core.jobs_3.7.0.v20150330-2103.jar:na]
2017-05-04 09:23:47,914 [Worker-1] INFO  o.e.m.c.i.i.nexus.NexusIndexManager - Updating index for repository: central|https://repo.maven.apache.org/maven2
2017-05-04 09:23:50,212 [Worker-1] ERROR o.e.m.c.i.i.nexus.NexusIndexManager - Unable to update index for central|https://repo.maven.apache.org/maven2: no segments* file found in org.apache.lucene.store.FSDirectory@/private/var/folders/18/mrhqj5594t17ptgyt7w541140000gn/T/nexus-index1232391585679683681.dir: files:
java.io.FileNotFoundException: no segments* file found in org.apache.lucene.store.FSDirectory@/private/var/folders/18/mrhqj5594t17ptgyt7w541140000gn/T/nexus-index1232391585679683681.dir: files:
	at org.apache.lucene.index.SegmentInfos$FindSegmentsFile.run(SegmentInfos.java:604) ~[lucene-core-2.4.1.jar:2.4.1 750176 - 2009-03-04 21:56:52]
	at org.apache.lucene.index.DirectoryIndexReader.open(DirectoryIndexReader.java:115) ~[lucene-core-2.4.1.jar:2.4.1 750176 - 2009-03-04 21:56:52]
	at org.apache.lucene.index.IndexReader.open(IndexReader.java:316) ~[lucene-core-2.4.1.jar:2.4.1 750176 - 2009-03-04 21:56:52]
	at org.apache.lucene.index.IndexReader.open(IndexReader.java:227) ~[lucene-core-2.4.1.jar:2.4.1 750176 - 2009-03-04 21:56:52]
	at org.apache.maven.index.updater.DefaultIndexUpdater.copyUpdatedDocuments(DefaultIndexUpdater.java:352) ~[indexer-core-3.1.0.jar:3.1.0]
	at org.apache.maven.index.updater.DefaultIndexUpdater.unpackIndexArchive(DefaultIndexUpdater.java:288) ~[indexer-core-3.1.0.jar:3.1.0]
	at org.apache.maven.index.updater.DefaultIndexUpdater.loadIndexDirectory(DefaultIndexUpdater.java:218) ~[indexer-core-3.1.0.jar:3.1.0]
	at org.apache.maven.index.updater.DefaultIndexUpdater.access$300(DefaultIndexUpdater.java:75) ~[indexer-core-3.1.0.jar:3.1.0]
	at org.apache.maven.index.updater.DefaultIndexUpdater$LuceneIndexAdaptor.setIndexFile(DefaultIndexUpdater.java:645) ~[indexer-core-3.1.0.jar:3.1.0]
	at org.apache.maven.index.updater.DefaultIndexUpdater.fetchAndUpdateIndex(DefaultIndexUpdater.java:844) ~[indexer-core-3.1.0.jar:3.1.0]
	at org.apache.maven.index.updater.DefaultIndexUpdater.fetchAndUpdateIndex(DefaultIndexUpdater.java:156) ~[indexer-core-3.1.0.jar:3.1.0]
	at org.eclipse.m2e.core.internal.index.nexus.NexusIndexManager.updateRemoteIndex(NexusIndexManager.java:1251) [org.eclipse.m2e.core_1.6.0.me201603161722.jar:na]
	at org.eclipse.m2e.core.internal.index.nexus.NexusIndexManager.updateIndex(NexusIndexManager.java:1193) [org.eclipse.m2e.core_1.6.0.me201603161722.jar:na]
	at org.eclipse.m2e.core.internal.index.nexus.NexusIndexManager$1.run(NexusIndexManager.java:703) [org.eclipse.m2e.core_1.6.0.me201603161722.jar:na]
	at org.eclipse.m2e.core.internal.index.nexus.IndexUpdaterJob.run(IndexUpdaterJob.java:72) [org.eclipse.m2e.core_1.6.0.me201603161722.jar:na]
	at org.eclipse.core.internal.jobs.Worker.run(Worker.java:55) [org.eclipse.core.jobs_3.7.0.v20150330-2103.jar:na]
2017-05-04 11:01:32,934 [Worker-0] INFO  o.e.m.c.i.i.nexus.NexusIndexManager - Updating index for repository: central|https://repo.maven.apache.org/maven2
2017-05-04 11:01:36,253 [Worker-0] ERROR o.e.m.c.i.i.nexus.NexusIndexManager - Unable to update index for central|https://repo.maven.apache.org/maven2: no segments* file found in org.apache.lucene.store.FSDirectory@/private/var/folders/18/mrhqj5594t17ptgyt7w541140000gn/T/nexus-index530340584445313135.dir: files:
java.io.FileNotFoundException: no segments* file found in org.apache.lucene.store.FSDirectory@/private/var/folders/18/mrhqj5594t17ptgyt7w541140000gn/T/nexus-index530340584445313135.dir: files:
	at org.apache.lucene.index.SegmentInfos$FindSegmentsFile.run(SegmentInfos.java:604) ~[lucene-core-2.4.1.jar:2.4.1 750176 - 2009-03-04 21:56:52]
	at org.apache.lucene.index.DirectoryIndexReader.open(DirectoryIndexReader.java:115) ~[lucene-core-2.4.1.jar:2.4.1 750176 - 2009-03-04 21:56:52]
	at org.apache.lucene.index.IndexReader.open(IndexReader.java:316) ~[lucene-core-2.4.1.jar:2.4.1 750176 - 2009-03-04 21:56:52]
	at org.apache.lucene.index.IndexReader.open(IndexReader.java:227) ~[lucene-core-2.4.1.jar:2.4.1 750176 - 2009-03-04 21:56:52]
	at org.apache.maven.index.updater.DefaultIndexUpdater.copyUpdatedDocuments(DefaultIndexUpdater.java:352) ~[indexer-core-3.1.0.jar:3.1.0]
	at org.apache.maven.index.updater.DefaultIndexUpdater.unpackIndexArchive(DefaultIndexUpdater.java:288) ~[indexer-core-3.1.0.jar:3.1.0]
	at org.apache.maven.index.updater.DefaultIndexUpdater.loadIndexDirectory(DefaultIndexUpdater.java:218) ~[indexer-core-3.1.0.jar:3.1.0]
	at org.apache.maven.index.updater.DefaultIndexUpdater.access$300(DefaultIndexUpdater.java:75) ~[indexer-core-3.1.0.jar:3.1.0]
	at org.apache.maven.index.updater.DefaultIndexUpdater$LuceneIndexAdaptor.setIndexFile(DefaultIndexUpdater.java:645) ~[indexer-core-3.1.0.jar:3.1.0]
	at org.apache.maven.index.updater.DefaultIndexUpdater.fetchAndUpdateIndex(DefaultIndexUpdater.java:844) ~[indexer-core-3.1.0.jar:3.1.0]
	at org.apache.maven.index.updater.DefaultIndexUpdater.fetchAndUpdateIndex(DefaultIndexUpdater.java:156) ~[indexer-core-3.1.0.jar:3.1.0]
	at org.eclipse.m2e.core.internal.index.nexus.NexusIndexManager.updateRemoteIndex(NexusIndexManager.java:1251) [org.eclipse.m2e.core_1.6.0.me201603161722.jar:na]
	at org.eclipse.m2e.core.internal.index.nexus.NexusIndexManager.updateIndex(NexusIndexManager.java:1193) [org.eclipse.m2e.core_1.6.0.me201603161722.jar:na]
	at org.eclipse.m2e.core.internal.index.nexus.NexusIndexManager$1.run(NexusIndexManager.java:703) [org.eclipse.m2e.core_1.6.0.me201603161722.jar:na]
	at org.eclipse.m2e.core.internal.index.nexus.IndexUpdaterJob.run(IndexUpdaterJob.java:72) [org.eclipse.m2e.core_1.6.0.me201603161722.jar:na]
	at org.eclipse.core.internal.jobs.Worker.run(Worker.java:55) [org.eclipse.core.jobs_3.7.0.v20150330-2103.jar:na]
2017-05-05 10:58:54,442 [Worker-0] INFO  o.e.m.c.i.i.nexus.NexusIndexManager - Updating index for repository: central|https://repo.maven.apache.org/maven2
2017-05-05 10:58:57,046 [Worker-0] ERROR o.e.m.c.i.i.nexus.NexusIndexManager - Unable to update index for central|https://repo.maven.apache.org/maven2: no segments* file found in org.apache.lucene.store.FSDirectory@/private/var/folders/18/mrhqj5594t17ptgyt7w541140000gn/T/nexus-index3929842360882219278.dir: files:
java.io.FileNotFoundException: no segments* file found in org.apache.lucene.store.FSDirectory@/private/var/folders/18/mrhqj5594t17ptgyt7w541140000gn/T/nexus-index3929842360882219278.dir: files:
	at org.apache.lucene.index.SegmentInfos$FindSegmentsFile.run(SegmentInfos.java:604) ~[lucene-core-2.4.1.jar:2.4.1 750176 - 2009-03-04 21:56:52]
	at org.apache.lucene.index.DirectoryIndexReader.open(DirectoryIndexReader.java:115) ~[lucene-core-2.4.1.jar:2.4.1 750176 - 2009-03-04 21:56:52]
	at org.apache.lucene.index.IndexReader.open(IndexReader.java:316) ~[lucene-core-2.4.1.jar:2.4.1 750176 - 2009-03-04 21:56:52]
	at org.apache.lucene.index.IndexReader.open(IndexReader.java:227) ~[lucene-core-2.4.1.jar:2.4.1 750176 - 2009-03-04 21:56:52]
	at org.apache.maven.index.updater.DefaultIndexUpdater.copyUpdatedDocuments(DefaultIndexUpdater.java:352) ~[indexer-core-3.1.0.jar:3.1.0]
	at org.apache.maven.index.updater.DefaultIndexUpdater.unpackIndexArchive(DefaultIndexUpdater.java:288) ~[indexer-core-3.1.0.jar:3.1.0]
	at org.apache.maven.index.updater.DefaultIndexUpdater.loadIndexDirectory(DefaultIndexUpdater.java:218) ~[indexer-core-3.1.0.jar:3.1.0]
	at org.apache.maven.index.updater.DefaultIndexUpdater.access$300(DefaultIndexUpdater.java:75) ~[indexer-core-3.1.0.jar:3.1.0]
	at org.apache.maven.index.updater.DefaultIndexUpdater$LuceneIndexAdaptor.setIndexFile(DefaultIndexUpdater.java:645) ~[indexer-core-3.1.0.jar:3.1.0]
	at org.apache.maven.index.updater.DefaultIndexUpdater.fetchAndUpdateIndex(DefaultIndexUpdater.java:844) ~[indexer-core-3.1.0.jar:3.1.0]
	at org.apache.maven.index.updater.DefaultIndexUpdater.fetchAndUpdateIndex(DefaultIndexUpdater.java:156) ~[indexer-core-3.1.0.jar:3.1.0]
	at org.eclipse.m2e.core.internal.index.nexus.NexusIndexManager.updateRemoteIndex(NexusIndexManager.java:1251) [org.eclipse.m2e.core_1.6.0.me201603161722.jar:na]
	at org.eclipse.m2e.core.internal.index.nexus.NexusIndexManager.updateIndex(NexusIndexManager.java:1193) [org.eclipse.m2e.core_1.6.0.me201603161722.jar:na]
	at org.eclipse.m2e.core.internal.index.nexus.NexusIndexManager$1.run(NexusIndexManager.java:703) [org.eclipse.m2e.core_1.6.0.me201603161722.jar:na]
	at org.eclipse.m2e.core.internal.index.nexus.IndexUpdaterJob.run(IndexUpdaterJob.java:72) [org.eclipse.m2e.core_1.6.0.me201603161722.jar:na]
	at org.eclipse.core.internal.jobs.Worker.run(Worker.java:55) [org.eclipse.core.jobs_3.7.0.v20150330-2103.jar:na]
2017-05-10 09:49:08,800 [Worker-10] INFO  o.e.m.c.i.i.nexus.NexusIndexManager - Updating index for repository: central|https://repo.maven.apache.org/maven2
2017-05-10 09:50:15,253 [Worker-10] ERROR o.e.m.c.i.i.nexus.NexusIndexManager - Unable to update index for central|https://repo.maven.apache.org/maven2: no segments* file found in org.apache.lucene.store.FSDirectory@/private/var/folders/18/mrhqj5594t17ptgyt7w541140000gn/T/nexus-index2953561846519674388.dir: files:
java.io.FileNotFoundException: no segments* file found in org.apache.lucene.store.FSDirectory@/private/var/folders/18/mrhqj5594t17ptgyt7w541140000gn/T/nexus-index2953561846519674388.dir: files:
	at org.apache.lucene.index.SegmentInfos$FindSegmentsFile.run(SegmentInfos.java:604) ~[lucene-core-2.4.1.jar:2.4.1 750176 - 2009-03-04 21:56:52]
	at org.apache.lucene.index.DirectoryIndexReader.open(DirectoryIndexReader.java:115) ~[lucene-core-2.4.1.jar:2.4.1 750176 - 2009-03-04 21:56:52]
	at org.apache.lucene.index.IndexReader.open(IndexReader.java:316) ~[lucene-core-2.4.1.jar:2.4.1 750176 - 2009-03-04 21:56:52]
	at org.apache.lucene.index.IndexReader.open(IndexReader.java:227) ~[lucene-core-2.4.1.jar:2.4.1 750176 - 2009-03-04 21:56:52]
	at org.apache.maven.index.updater.DefaultIndexUpdater.copyUpdatedDocuments(DefaultIndexUpdater.java:352) ~[indexer-core-3.1.0.jar:3.1.0]
	at org.apache.maven.index.updater.DefaultIndexUpdater.unpackIndexArchive(DefaultIndexUpdater.java:288) ~[indexer-core-3.1.0.jar:3.1.0]
	at org.apache.maven.index.updater.DefaultIndexUpdater.loadIndexDirectory(DefaultIndexUpdater.java:218) ~[indexer-core-3.1.0.jar:3.1.0]
	at org.apache.maven.index.updater.DefaultIndexUpdater.access$300(DefaultIndexUpdater.java:75) ~[indexer-core-3.1.0.jar:3.1.0]
	at org.apache.maven.index.updater.DefaultIndexUpdater$LuceneIndexAdaptor.setIndexFile(DefaultIndexUpdater.java:645) ~[indexer-core-3.1.0.jar:3.1.0]
	at org.apache.maven.index.updater.DefaultIndexUpdater.fetchAndUpdateIndex(DefaultIndexUpdater.java:844) ~[indexer-core-3.1.0.jar:3.1.0]
	at org.apache.maven.index.updater.DefaultIndexUpdater.fetchAndUpdateIndex(DefaultIndexUpdater.java:156) ~[indexer-core-3.1.0.jar:3.1.0]
	at org.eclipse.m2e.core.internal.index.nexus.NexusIndexManager.updateRemoteIndex(NexusIndexManager.java:1251) [org.eclipse.m2e.core_1.6.0.me201603161722.jar:na]
	at org.eclipse.m2e.core.internal.index.nexus.NexusIndexManager.updateIndex(NexusIndexManager.java:1193) [org.eclipse.m2e.core_1.6.0.me201603161722.jar:na]
	at org.eclipse.m2e.core.internal.index.nexus.NexusIndexManager$1.run(NexusIndexManager.java:703) [org.eclipse.m2e.core_1.6.0.me201603161722.jar:na]
	at org.eclipse.m2e.core.internal.index.nexus.IndexUpdaterJob.run(IndexUpdaterJob.java:72) [org.eclipse.m2e.core_1.6.0.me201603161722.jar:na]
	at org.eclipse.core.internal.jobs.Worker.run(Worker.java:55) [org.eclipse.core.jobs_3.7.0.v20150330-2103.jar:na]
2017-05-10 14:45:29,086 [Worker-0] INFO  o.e.m.c.i.i.nexus.NexusIndexManager - Updating index for repository: central|https://repo.maven.apache.org/maven2
2017-05-10 14:45:32,572 [Worker-0] ERROR o.e.m.c.i.i.nexus.NexusIndexManager - Unable to update index for central|https://repo.maven.apache.org/maven2: no segments* file found in org.apache.lucene.store.FSDirectory@/private/var/folders/18/mrhqj5594t17ptgyt7w541140000gn/T/nexus-index4070313173043229225.dir: files:
java.io.FileNotFoundException: no segments* file found in org.apache.lucene.store.FSDirectory@/private/var/folders/18/mrhqj5594t17ptgyt7w541140000gn/T/nexus-index4070313173043229225.dir: files:
	at org.apache.lucene.index.SegmentInfos$FindSegmentsFile.run(SegmentInfos.java:604) ~[lucene-core-2.4.1.jar:2.4.1 750176 - 2009-03-04 21:56:52]
	at org.apache.lucene.index.DirectoryIndexReader.open(DirectoryIndexReader.java:115) ~[lucene-core-2.4.1.jar:2.4.1 750176 - 2009-03-04 21:56:52]
	at org.apache.lucene.index.IndexReader.open(IndexReader.java:316) ~[lucene-core-2.4.1.jar:2.4.1 750176 - 2009-03-04 21:56:52]
	at org.apache.lucene.index.IndexReader.open(IndexReader.java:227) ~[lucene-core-2.4.1.jar:2.4.1 750176 - 2009-03-04 21:56:52]
	at org.apache.maven.index.updater.DefaultIndexUpdater.copyUpdatedDocuments(DefaultIndexUpdater.java:352) ~[indexer-core-3.1.0.jar:3.1.0]
	at org.apache.maven.index.updater.DefaultIndexUpdater.unpackIndexArchive(DefaultIndexUpdater.java:288) ~[indexer-core-3.1.0.jar:3.1.0]
	at org.apache.maven.index.updater.DefaultIndexUpdater.loadIndexDirectory(DefaultIndexUpdater.java:218) ~[indexer-core-3.1.0.jar:3.1.0]
	at org.apache.maven.index.updater.DefaultIndexUpdater.access$300(DefaultIndexUpdater.java:75) ~[indexer-core-3.1.0.jar:3.1.0]
	at org.apache.maven.index.updater.DefaultIndexUpdater$LuceneIndexAdaptor.setIndexFile(DefaultIndexUpdater.java:645) ~[indexer-core-3.1.0.jar:3.1.0]
	at org.apache.maven.index.updater.DefaultIndexUpdater.fetchAndUpdateIndex(DefaultIndexUpdater.java:844) ~[indexer-core-3.1.0.jar:3.1.0]
	at org.apache.maven.index.updater.DefaultIndexUpdater.fetchAndUpdateIndex(DefaultIndexUpdater.java:156) ~[indexer-core-3.1.0.jar:3.1.0]
	at org.eclipse.m2e.core.internal.index.nexus.NexusIndexManager.updateRemoteIndex(NexusIndexManager.java:1251) [org.eclipse.m2e.core_1.6.0.me201603161722.jar:na]
	at org.eclipse.m2e.core.internal.index.nexus.NexusIndexManager.updateIndex(NexusIndexManager.java:1193) [org.eclipse.m2e.core_1.6.0.me201603161722.jar:na]
	at org.eclipse.m2e.core.internal.index.nexus.NexusIndexManager$1.run(NexusIndexManager.java:703) [org.eclipse.m2e.core_1.6.0.me201603161722.jar:na]
	at org.eclipse.m2e.core.internal.index.nexus.IndexUpdaterJob.run(IndexUpdaterJob.java:72) [org.eclipse.m2e.core_1.6.0.me201603161722.jar:na]
	at org.eclipse.core.internal.jobs.Worker.run(Worker.java:55) [org.eclipse.core.jobs_3.7.0.v20150330-2103.jar:na]
2017-05-11 13:35:24,056 [Worker-0] INFO  o.e.m.c.i.i.nexus.NexusIndexManager - Updating index for repository: central|https://repo.maven.apache.org/maven2
2017-05-11 13:35:27,529 [Worker-0] ERROR o.e.m.c.i.i.nexus.NexusIndexManager - Unable to update index for central|https://repo.maven.apache.org/maven2: no segments* file found in org.apache.lucene.store.FSDirectory@/private/var/folders/18/mrhqj5594t17ptgyt7w541140000gn/T/nexus-index8019561501583394741.dir: files:
java.io.FileNotFoundException: no segments* file found in org.apache.lucene.store.FSDirectory@/private/var/folders/18/mrhqj5594t17ptgyt7w541140000gn/T/nexus-index8019561501583394741.dir: files:
	at org.apache.lucene.index.SegmentInfos$FindSegmentsFile.run(SegmentInfos.java:604) ~[lucene-core-2.4.1.jar:2.4.1 750176 - 2009-03-04 21:56:52]
	at org.apache.lucene.index.DirectoryIndexReader.open(DirectoryIndexReader.java:115) ~[lucene-core-2.4.1.jar:2.4.1 750176 - 2009-03-04 21:56:52]
	at org.apache.lucene.index.IndexReader.open(IndexReader.java:316) ~[lucene-core-2.4.1.jar:2.4.1 750176 - 2009-03-04 21:56:52]
	at org.apache.lucene.index.IndexReader.open(IndexReader.java:227) ~[lucene-core-2.4.1.jar:2.4.1 750176 - 2009-03-04 21:56:52]
	at org.apache.maven.index.updater.DefaultIndexUpdater.copyUpdatedDocuments(DefaultIndexUpdater.java:352) ~[indexer-core-3.1.0.jar:3.1.0]
	at org.apache.maven.index.updater.DefaultIndexUpdater.unpackIndexArchive(DefaultIndexUpdater.java:288) ~[indexer-core-3.1.0.jar:3.1.0]
	at org.apache.maven.index.updater.DefaultIndexUpdater.loadIndexDirectory(DefaultIndexUpdater.java:218) ~[indexer-core-3.1.0.jar:3.1.0]
	at org.apache.maven.index.updater.DefaultIndexUpdater.access$300(DefaultIndexUpdater.java:75) ~[indexer-core-3.1.0.jar:3.1.0]
	at org.apache.maven.index.updater.DefaultIndexUpdater$LuceneIndexAdaptor.setIndexFile(DefaultIndexUpdater.java:645) ~[indexer-core-3.1.0.jar:3.1.0]
	at org.apache.maven.index.updater.DefaultIndexUpdater.fetchAndUpdateIndex(DefaultIndexUpdater.java:844) ~[indexer-core-3.1.0.jar:3.1.0]
	at org.apache.maven.index.updater.DefaultIndexUpdater.fetchAndUpdateIndex(DefaultIndexUpdater.java:156) ~[indexer-core-3.1.0.jar:3.1.0]
	at org.eclipse.m2e.core.internal.index.nexus.NexusIndexManager.updateRemoteIndex(NexusIndexManager.java:1251) [org.eclipse.m2e.core_1.6.0.me201603161722.jar:na]
	at org.eclipse.m2e.core.internal.index.nexus.NexusIndexManager.updateIndex(NexusIndexManager.java:1193) [org.eclipse.m2e.core_1.6.0.me201603161722.jar:na]
	at org.eclipse.m2e.core.internal.index.nexus.NexusIndexManager$1.run(NexusIndexManager.java:703) [org.eclipse.m2e.core_1.6.0.me201603161722.jar:na]
	at org.eclipse.m2e.core.internal.index.nexus.IndexUpdaterJob.run(IndexUpdaterJob.java:72) [org.eclipse.m2e.core_1.6.0.me201603161722.jar:na]
	at org.eclipse.core.internal.jobs.Worker.run(Worker.java:55) [org.eclipse.core.jobs_3.7.0.v20150330-2103.jar:na]
2017-05-12 09:48:34,493 [Worker-3] INFO  o.e.m.c.i.i.nexus.NexusIndexManager - Updating index for repository: central|https://repo.maven.apache.org/maven2
2017-05-12 09:48:37,122 [Worker-3] ERROR o.e.m.c.i.i.nexus.NexusIndexManager - Unable to update index for central|https://repo.maven.apache.org/maven2: no segments* file found in org.apache.lucene.store.FSDirectory@/private/var/folders/18/mrhqj5594t17ptgyt7w541140000gn/T/nexus-index9136887945902541256.dir: files:
java.io.FileNotFoundException: no segments* file found in org.apache.lucene.store.FSDirectory@/private/var/folders/18/mrhqj5594t17ptgyt7w541140000gn/T/nexus-index9136887945902541256.dir: files:
	at org.apache.lucene.index.SegmentInfos$FindSegmentsFile.run(SegmentInfos.java:604) ~[lucene-core-2.4.1.jar:2.4.1 750176 - 2009-03-04 21:56:52]
	at org.apache.lucene.index.DirectoryIndexReader.open(DirectoryIndexReader.java:115) ~[lucene-core-2.4.1.jar:2.4.1 750176 - 2009-03-04 21:56:52]
	at org.apache.lucene.index.IndexReader.open(IndexReader.java:316) ~[lucene-core-2.4.1.jar:2.4.1 750176 - 2009-03-04 21:56:52]
	at org.apache.lucene.index.IndexReader.open(IndexReader.java:227) ~[lucene-core-2.4.1.jar:2.4.1 750176 - 2009-03-04 21:56:52]
	at org.apache.maven.index.updater.DefaultIndexUpdater.copyUpdatedDocuments(DefaultIndexUpdater.java:352) ~[indexer-core-3.1.0.jar:3.1.0]
	at org.apache.maven.index.updater.DefaultIndexUpdater.unpackIndexArchive(DefaultIndexUpdater.java:288) ~[indexer-core-3.1.0.jar:3.1.0]
	at org.apache.maven.index.updater.DefaultIndexUpdater.loadIndexDirectory(DefaultIndexUpdater.java:218) ~[indexer-core-3.1.0.jar:3.1.0]
	at org.apache.maven.index.updater.DefaultIndexUpdater.access$300(DefaultIndexUpdater.java:75) ~[indexer-core-3.1.0.jar:3.1.0]
	at org.apache.maven.index.updater.DefaultIndexUpdater$LuceneIndexAdaptor.setIndexFile(DefaultIndexUpdater.java:645) ~[indexer-core-3.1.0.jar:3.1.0]
	at org.apache.maven.index.updater.DefaultIndexUpdater.fetchAndUpdateIndex(DefaultIndexUpdater.java:844) ~[indexer-core-3.1.0.jar:3.1.0]
	at org.apache.maven.index.updater.DefaultIndexUpdater.fetchAndUpdateIndex(DefaultIndexUpdater.java:156) ~[indexer-core-3.1.0.jar:3.1.0]
	at org.eclipse.m2e.core.internal.index.nexus.NexusIndexManager.updateRemoteIndex(NexusIndexManager.java:1251) [org.eclipse.m2e.core_1.6.0.me201603161722.jar:na]
	at org.eclipse.m2e.core.internal.index.nexus.NexusIndexManager.updateIndex(NexusIndexManager.java:1193) [org.eclipse.m2e.core_1.6.0.me201603161722.jar:na]
	at org.eclipse.m2e.core.internal.index.nexus.NexusIndexManager$1.run(NexusIndexManager.java:703) [org.eclipse.m2e.core_1.6.0.me201603161722.jar:na]
	at org.eclipse.m2e.core.internal.index.nexus.IndexUpdaterJob.run(IndexUpdaterJob.java:72) [org.eclipse.m2e.core_1.6.0.me201603161722.jar:na]
	at org.eclipse.core.internal.jobs.Worker.run(Worker.java:55) [org.eclipse.core.jobs_3.7.0.v20150330-2103.jar:na]
2017-05-15 09:15:59,992 [Worker-4] INFO  o.e.m.c.i.i.nexus.NexusIndexManager - Updating index for repository: central|https://repo.maven.apache.org/maven2
2017-05-15 09:16:08,212 [Worker-4] ERROR o.e.m.c.i.i.nexus.NexusIndexManager - Unable to update index for central|https://repo.maven.apache.org/maven2: no segments* file found in org.apache.lucene.store.FSDirectory@/private/var/folders/18/mrhqj5594t17ptgyt7w541140000gn/T/nexus-index6254560021723494902.dir: files:
java.io.FileNotFoundException: no segments* file found in org.apache.lucene.store.FSDirectory@/private/var/folders/18/mrhqj5594t17ptgyt7w541140000gn/T/nexus-index6254560021723494902.dir: files:
	at org.apache.lucene.index.SegmentInfos$FindSegmentsFile.run(SegmentInfos.java:604) ~[lucene-core-2.4.1.jar:2.4.1 750176 - 2009-03-04 21:56:52]
	at org.apache.lucene.index.DirectoryIndexReader.open(DirectoryIndexReader.java:115) ~[lucene-core-2.4.1.jar:2.4.1 750176 - 2009-03-04 21:56:52]
	at org.apache.lucene.index.IndexReader.open(IndexReader.java:316) ~[lucene-core-2.4.1.jar:2.4.1 750176 - 2009-03-04 21:56:52]
	at org.apache.lucene.index.IndexReader.open(IndexReader.java:227) ~[lucene-core-2.4.1.jar:2.4.1 750176 - 2009-03-04 21:56:52]
	at org.apache.maven.index.updater.DefaultIndexUpdater.copyUpdatedDocuments(DefaultIndexUpdater.java:352) ~[indexer-core-3.1.0.jar:3.1.0]
	at org.apache.maven.index.updater.DefaultIndexUpdater.unpackIndexArchive(DefaultIndexUpdater.java:288) ~[indexer-core-3.1.0.jar:3.1.0]
	at org.apache.maven.index.updater.DefaultIndexUpdater.loadIndexDirectory(DefaultIndexUpdater.java:218) ~[indexer-core-3.1.0.jar:3.1.0]
	at org.apache.maven.index.updater.DefaultIndexUpdater.access$300(DefaultIndexUpdater.java:75) ~[indexer-core-3.1.0.jar:3.1.0]
	at org.apache.maven.index.updater.DefaultIndexUpdater$LuceneIndexAdaptor.setIndexFile(DefaultIndexUpdater.java:645) ~[indexer-core-3.1.0.jar:3.1.0]
	at org.apache.maven.index.updater.DefaultIndexUpdater.fetchAndUpdateIndex(DefaultIndexUpdater.java:844) ~[indexer-core-3.1.0.jar:3.1.0]
	at org.apache.maven.index.updater.DefaultIndexUpdater.fetchAndUpdateIndex(DefaultIndexUpdater.java:156) ~[indexer-core-3.1.0.jar:3.1.0]
	at org.eclipse.m2e.core.internal.index.nexus.NexusIndexManager.updateRemoteIndex(NexusIndexManager.java:1251) [org.eclipse.m2e.core_1.6.0.me201603161722.jar:na]
	at org.eclipse.m2e.core.internal.index.nexus.NexusIndexManager.updateIndex(NexusIndexManager.java:1193) [org.eclipse.m2e.core_1.6.0.me201603161722.jar:na]
	at org.eclipse.m2e.core.internal.index.nexus.NexusIndexManager$1.run(NexusIndexManager.java:703) [org.eclipse.m2e.core_1.6.0.me201603161722.jar:na]
	at org.eclipse.m2e.core.internal.index.nexus.IndexUpdaterJob.run(IndexUpdaterJob.java:72) [org.eclipse.m2e.core_1.6.0.me201603161722.jar:na]
	at org.eclipse.core.internal.jobs.Worker.run(Worker.java:55) [org.eclipse.core.jobs_3.7.0.v20150330-2103.jar:na]
2017-05-23 09:52:26,588 [Worker-0] INFO  o.e.m.c.i.i.nexus.NexusIndexManager - Updating index for repository: central|https://repo.maven.apache.org/maven2
2017-05-23 09:52:33,140 [Worker-0] ERROR o.e.m.c.i.i.nexus.NexusIndexManager - Unable to update index for central|https://repo.maven.apache.org/maven2: no segments* file found in org.apache.lucene.store.FSDirectory@/private/var/folders/18/mrhqj5594t17ptgyt7w541140000gn/T/nexus-index592169401346625689.dir: files:
java.io.FileNotFoundException: no segments* file found in org.apache.lucene.store.FSDirectory@/private/var/folders/18/mrhqj5594t17ptgyt7w541140000gn/T/nexus-index592169401346625689.dir: files:
	at org.apache.lucene.index.SegmentInfos$FindSegmentsFile.run(SegmentInfos.java:604) ~[lucene-core-2.4.1.jar:2.4.1 750176 - 2009-03-04 21:56:52]
	at org.apache.lucene.index.DirectoryIndexReader.open(DirectoryIndexReader.java:115) ~[lucene-core-2.4.1.jar:2.4.1 750176 - 2009-03-04 21:56:52]
	at org.apache.lucene.index.IndexReader.open(IndexReader.java:316) ~[lucene-core-2.4.1.jar:2.4.1 750176 - 2009-03-04 21:56:52]
	at org.apache.lucene.index.IndexReader.open(IndexReader.java:227) ~[lucene-core-2.4.1.jar:2.4.1 750176 - 2009-03-04 21:56:52]
	at org.apache.maven.index.updater.DefaultIndexUpdater.copyUpdatedDocuments(DefaultIndexUpdater.java:352) ~[indexer-core-3.1.0.jar:3.1.0]
	at org.apache.maven.index.updater.DefaultIndexUpdater.unpackIndexArchive(DefaultIndexUpdater.java:288) ~[indexer-core-3.1.0.jar:3.1.0]
	at org.apache.maven.index.updater.DefaultIndexUpdater.loadIndexDirectory(DefaultIndexUpdater.java:218) ~[indexer-core-3.1.0.jar:3.1.0]
	at org.apache.maven.index.updater.DefaultIndexUpdater.access$300(DefaultIndexUpdater.java:75) ~[indexer-core-3.1.0.jar:3.1.0]
	at org.apache.maven.index.updater.DefaultIndexUpdater$LuceneIndexAdaptor.setIndexFile(DefaultIndexUpdater.java:645) ~[indexer-core-3.1.0.jar:3.1.0]
	at org.apache.maven.index.updater.DefaultIndexUpdater.fetchAndUpdateIndex(DefaultIndexUpdater.java:844) ~[indexer-core-3.1.0.jar:3.1.0]
	at org.apache.maven.index.updater.DefaultIndexUpdater.fetchAndUpdateIndex(DefaultIndexUpdater.java:156) ~[indexer-core-3.1.0.jar:3.1.0]
	at org.eclipse.m2e.core.internal.index.nexus.NexusIndexManager.updateRemoteIndex(NexusIndexManager.java:1251) [org.eclipse.m2e.core_1.6.0.me201603161722.jar:na]
	at org.eclipse.m2e.core.internal.index.nexus.NexusIndexManager.updateIndex(NexusIndexManager.java:1193) [org.eclipse.m2e.core_1.6.0.me201603161722.jar:na]
	at org.eclipse.m2e.core.internal.index.nexus.NexusIndexManager$1.run(NexusIndexManager.java:703) [org.eclipse.m2e.core_1.6.0.me201603161722.jar:na]
	at org.eclipse.m2e.core.internal.index.nexus.IndexUpdaterJob.run(IndexUpdaterJob.java:72) [org.eclipse.m2e.core_1.6.0.me201603161722.jar:na]
	at org.eclipse.core.internal.jobs.Worker.run(Worker.java:55) [org.eclipse.core.jobs_3.7.0.v20150330-2103.jar:na]
2017-05-23 16:08:03,800 [Worker-5] INFO  o.e.m.c.i.i.nexus.NexusIndexManager - Updating index for repository: central|https://repo.maven.apache.org/maven2
2017-05-23 16:08:08,179 [Worker-5] ERROR o.e.m.c.i.i.nexus.NexusIndexManager - Unable to update index for central|https://repo.maven.apache.org/maven2: no segments* file found in org.apache.lucene.store.FSDirectory@/private/var/folders/18/mrhqj5594t17ptgyt7w541140000gn/T/nexus-index4757685455706140827.dir: files:
java.io.FileNotFoundException: no segments* file found in org.apache.lucene.store.FSDirectory@/private/var/folders/18/mrhqj5594t17ptgyt7w541140000gn/T/nexus-index4757685455706140827.dir: files:
	at org.apache.lucene.index.SegmentInfos$FindSegmentsFile.run(SegmentInfos.java:604) ~[lucene-core-2.4.1.jar:2.4.1 750176 - 2009-03-04 21:56:52]
	at org.apache.lucene.index.DirectoryIndexReader.open(DirectoryIndexReader.java:115) ~[lucene-core-2.4.1.jar:2.4.1 750176 - 2009-03-04 21:56:52]
	at org.apache.lucene.index.IndexReader.open(IndexReader.java:316) ~[lucene-core-2.4.1.jar:2.4.1 750176 - 2009-03-04 21:56:52]
	at org.apache.lucene.index.IndexReader.open(IndexReader.java:227) ~[lucene-core-2.4.1.jar:2.4.1 750176 - 2009-03-04 21:56:52]
	at org.apache.maven.index.updater.DefaultIndexUpdater.copyUpdatedDocuments(DefaultIndexUpdater.java:352) ~[indexer-core-3.1.0.jar:3.1.0]
	at org.apache.maven.index.updater.DefaultIndexUpdater.unpackIndexArchive(DefaultIndexUpdater.java:288) ~[indexer-core-3.1.0.jar:3.1.0]
	at org.apache.maven.index.updater.DefaultIndexUpdater.loadIndexDirectory(DefaultIndexUpdater.java:218) ~[indexer-core-3.1.0.jar:3.1.0]
	at org.apache.maven.index.updater.DefaultIndexUpdater.access$300(DefaultIndexUpdater.java:75) ~[indexer-core-3.1.0.jar:3.1.0]
	at org.apache.maven.index.updater.DefaultIndexUpdater$LuceneIndexAdaptor.setIndexFile(DefaultIndexUpdater.java:645) ~[indexer-core-3.1.0.jar:3.1.0]
	at org.apache.maven.index.updater.DefaultIndexUpdater.fetchAndUpdateIndex(DefaultIndexUpdater.java:844) ~[indexer-core-3.1.0.jar:3.1.0]
	at org.apache.maven.index.updater.DefaultIndexUpdater.fetchAndUpdateIndex(DefaultIndexUpdater.java:156) ~[indexer-core-3.1.0.jar:3.1.0]
	at org.eclipse.m2e.core.internal.index.nexus.NexusIndexManager.updateRemoteIndex(NexusIndexManager.java:1251) [org.eclipse.m2e.core_1.6.0.me201603161722.jar:na]
	at org.eclipse.m2e.core.internal.index.nexus.NexusIndexManager.updateIndex(NexusIndexManager.java:1193) [org.eclipse.m2e.core_1.6.0.me201603161722.jar:na]
	at org.eclipse.m2e.core.internal.index.nexus.NexusIndexManager$1.run(NexusIndexManager.java:703) [org.eclipse.m2e.core_1.6.0.me201603161722.jar:na]
	at org.eclipse.m2e.core.internal.index.nexus.IndexUpdaterJob.run(IndexUpdaterJob.java:72) [org.eclipse.m2e.core_1.6.0.me201603161722.jar:na]
	at org.eclipse.core.internal.jobs.Worker.run(Worker.java:55) [org.eclipse.core.jobs_3.7.0.v20150330-2103.jar:na]
2017-05-23 16:10:59,452 [Worker-2] INFO  j.exodus.env.EnvironmentImpl - Exodus environment created: /Users/cassie/Desktop/myeclipse/.metadata/com.genuitec.eclipse.webclipse.livepreview/0/store
2017-05-23 16:10:59,611 [Worker-2] INFO  org.eclipse.jetty.util.log - Logging initialized @220160ms
2017-05-23 16:11:00,349 [Worker-2] INFO  j.exodus.env.EnvironmentImpl - Exodus environment created: /Users/cassie/Desktop/myeclipse/.metadata/com.genuitec.eclipse.webclipse.livepreview/1/store
2017-05-23 16:11:00,452 [Worker-2] INFO  j.exodus.env.EnvironmentImpl - Exodus environment created: /Users/cassie/Desktop/myeclipse/.metadata/com.genuitec.eclipse.webclipse.livepreview/2/store
2017-05-24 11:32:21,144 [Worker-0] INFO  o.e.m.c.i.i.nexus.NexusIndexManager - Updating index for repository: central|https://repo.maven.apache.org/maven2
2017-05-24 11:32:24,718 [Worker-0] ERROR o.e.m.c.i.i.nexus.NexusIndexManager - Unable to update index for central|https://repo.maven.apache.org/maven2: no segments* file found in org.apache.lucene.store.FSDirectory@/private/var/folders/18/mrhqj5594t17ptgyt7w541140000gn/T/nexus-index4391721126528996204.dir: files:
java.io.FileNotFoundException: no segments* file found in org.apache.lucene.store.FSDirectory@/private/var/folders/18/mrhqj5594t17ptgyt7w541140000gn/T/nexus-index4391721126528996204.dir: files:
	at org.apache.lucene.index.SegmentInfos$FindSegmentsFile.run(SegmentInfos.java:604) ~[lucene-core-2.4.1.jar:2.4.1 750176 - 2009-03-04 21:56:52]
	at org.apache.lucene.index.DirectoryIndexReader.open(DirectoryIndexReader.java:115) ~[lucene-core-2.4.1.jar:2.4.1 750176 - 2009-03-04 21:56:52]
	at org.apache.lucene.index.IndexReader.open(IndexReader.java:316) ~[lucene-core-2.4.1.jar:2.4.1 750176 - 2009-03-04 21:56:52]
	at org.apache.lucene.index.IndexReader.open(IndexReader.java:227) ~[lucene-core-2.4.1.jar:2.4.1 750176 - 2009-03-04 21:56:52]
	at org.apache.maven.index.updater.DefaultIndexUpdater.copyUpdatedDocuments(DefaultIndexUpdater.java:352) ~[indexer-core-3.1.0.jar:3.1.0]
	at org.apache.maven.index.updater.DefaultIndexUpdater.unpackIndexArchive(DefaultIndexUpdater.java:288) ~[indexer-core-3.1.0.jar:3.1.0]
	at org.apache.maven.index.updater.DefaultIndexUpdater.loadIndexDirectory(DefaultIndexUpdater.java:218) ~[indexer-core-3.1.0.jar:3.1.0]
	at org.apache.maven.index.updater.DefaultIndexUpdater.access$300(DefaultIndexUpdater.java:75) ~[indexer-core-3.1.0.jar:3.1.0]
	at org.apache.maven.index.updater.DefaultIndexUpdater$LuceneIndexAdaptor.setIndexFile(DefaultIndexUpdater.java:645) ~[indexer-core-3.1.0.jar:3.1.0]
	at org.apache.maven.index.updater.DefaultIndexUpdater.fetchAndUpdateIndex(DefaultIndexUpdater.java:844) ~[indexer-core-3.1.0.jar:3.1.0]
	at org.apache.maven.index.updater.DefaultIndexUpdater.fetchAndUpdateIndex(DefaultIndexUpdater.java:156) ~[indexer-core-3.1.0.jar:3.1.0]
	at org.eclipse.m2e.core.internal.index.nexus.NexusIndexManager.updateRemoteIndex(NexusIndexManager.java:1251) [org.eclipse.m2e.core_1.6.0.me201603161722.jar:na]
	at org.eclipse.m2e.core.internal.index.nexus.NexusIndexManager.updateIndex(NexusIndexManager.java:1193) [org.eclipse.m2e.core_1.6.0.me201603161722.jar:na]
	at org.eclipse.m2e.core.internal.index.nexus.NexusIndexManager$1.run(NexusIndexManager.java:703) [org.eclipse.m2e.core_1.6.0.me201603161722.jar:na]
	at org.eclipse.m2e.core.internal.index.nexus.IndexUpdaterJob.run(IndexUpdaterJob.java:72) [org.eclipse.m2e.core_1.6.0.me201603161722.jar:na]
	at org.eclipse.core.internal.jobs.Worker.run(Worker.java:55) [org.eclipse.core.jobs_3.7.0.v20150330-2103.jar:na]
2017-05-24 14:46:43,957 [Worker-16] INFO  j.exodus.env.EnvironmentImpl - Exodus environment created: /Users/cassie/Desktop/myeclipse/.metadata/com.genuitec.eclipse.webclipse.livepreview/0/store
2017-05-24 14:46:44,167 [Worker-16] INFO  org.eclipse.jetty.util.log - Logging initialized @11708973ms
2017-05-24 19:43:20,233 [Worker-9] INFO  o.e.m.c.i.i.nexus.NexusIndexManager - Updating index for repository: central|https://repo.maven.apache.org/maven2
2017-05-24 19:43:50,394 [Worker-9] ERROR o.e.m.c.i.i.nexus.NexusIndexManager - Unable to update index for central|https://repo.maven.apache.org/maven2
java.net.UnknownHostException: repo.maven.apache.org: unknown error
	at java.net.Inet6AddressImpl.lookupAllHostAddr(Native Method) ~[na:1.8.0_66]
	at java.net.InetAddress$2.lookupAllHostAddr(InetAddress.java:928) ~[na:1.8.0_66]
	at java.net.InetAddress.getAddressesFromNameService(InetAddress.java:1323) ~[na:1.8.0_66]
	at java.net.InetAddress.getAllByName0(InetAddress.java:1276) ~[na:1.8.0_66]
	at java.net.InetAddress.getAllByName(InetAddress.java:1192) ~[na:1.8.0_66]
	at java.net.InetAddress.getAllByName(InetAddress.java:1126) ~[na:1.8.0_66]
	at com.squareup.okhttp.internal.Network$1.resolveInetAddresses(Network.java:29) ~[na:na]
	at com.squareup.okhttp.internal.http.RouteSelector.resetNextInetSocketAddress(RouteSelector.java:224) ~[na:na]
	at com.squareup.okhttp.internal.http.RouteSelector.nextProxy(RouteSelector.java:193) ~[na:na]
	at com.squareup.okhttp.internal.http.RouteSelector.next(RouteSelector.java:113) ~[na:na]
	at com.squareup.okhttp.internal.http.HttpEngine.createNextConnection(HttpEngine.java:344) ~[na:na]
	at com.squareup.okhttp.internal.http.HttpEngine.nextConnection(HttpEngine.java:329) ~[na:na]
	at com.squareup.okhttp.internal.http.HttpEngine.connect(HttpEngine.java:319) ~[na:na]
	at com.squareup.okhttp.internal.http.HttpEngine.sendRequest(HttpEngine.java:241) ~[na:na]
	at com.squareup.okhttp.Call.getResponse(Call.java:271) ~[na:na]
	at com.squareup.okhttp.Call$ApplicationInterceptorChain.proceed(Call.java:228) ~[na:na]
	at com.squareup.okhttp.Call.getResponseWithInterceptorChain(Call.java:199) ~[na:na]
	at com.squareup.okhttp.Call.execute(Call.java:79) ~[na:na]
	at io.takari.aether.okhttp.OkHttpAetherClient.execute(OkHttpAetherClient.java:154) ~[aether-connector-okhttp-0.15.0.jar:0.15.0]
	at io.takari.aether.okhttp.OkHttpAetherClient.get(OkHttpAetherClient.java:100) ~[aether-connector-okhttp-0.15.0.jar:0.15.0]
	at org.eclipse.m2e.core.internal.index.nexus.AetherClientResourceFetcher.retrieve(AetherClientResourceFetcher.java:79) ~[org.eclipse.m2e.core_1.6.0.me201603161722.jar:na]
	at org.apache.maven.index.updater.AbstractResourceFetcher.retrieve(AbstractResourceFetcher.java:35) ~[indexer-core-3.1.0.jar:3.1.0]
	at org.apache.maven.index.updater.DefaultIndexUpdater.downloadIndexProperties(DefaultIndexUpdater.java:452) ~[indexer-core-3.1.0.jar:3.1.0]
	at org.apache.maven.index.updater.DefaultIndexUpdater.access$100(DefaultIndexUpdater.java:75) ~[indexer-core-3.1.0.jar:3.1.0]
	at org.apache.maven.index.updater.DefaultIndexUpdater$IndexAdaptor.setProperties(DefaultIndexUpdater.java:607) ~[indexer-core-3.1.0.jar:3.1.0]
	at org.apache.maven.index.updater.DefaultIndexUpdater.fetchAndUpdateIndex(DefaultIndexUpdater.java:788) ~[indexer-core-3.1.0.jar:3.1.0]
	at org.apache.maven.index.updater.DefaultIndexUpdater.fetchAndUpdateIndex(DefaultIndexUpdater.java:135) ~[indexer-core-3.1.0.jar:3.1.0]
	at org.eclipse.m2e.core.internal.index.nexus.NexusIndexManager.updateRemoteIndex(NexusIndexManager.java:1238) [org.eclipse.m2e.core_1.6.0.me201603161722.jar:na]
	at org.eclipse.m2e.core.internal.index.nexus.NexusIndexManager.updateIndex(NexusIndexManager.java:1193) [org.eclipse.m2e.core_1.6.0.me201603161722.jar:na]
	at org.eclipse.m2e.core.internal.index.nexus.NexusIndexManager$1.run(NexusIndexManager.java:703) [org.eclipse.m2e.core_1.6.0.me201603161722.jar:na]
	at org.eclipse.m2e.core.internal.index.nexus.IndexUpdaterJob.run(IndexUpdaterJob.java:72) [org.eclipse.m2e.core_1.6.0.me201603161722.jar:na]
	at org.eclipse.core.internal.jobs.Worker.run(Worker.java:55) [org.eclipse.core.jobs_3.7.0.v20150330-2103.jar:na]
2017-05-25 14:57:03,387 [Worker-9] INFO  o.e.m.c.i.i.nexus.NexusIndexManager - Updating index for repository: central|https://repo.maven.apache.org/maven2
2017-05-25 14:57:13,430 [Worker-9] ERROR o.e.m.c.i.i.nexus.NexusIndexManager - Unable to update index for central|https://repo.maven.apache.org/maven2: no segments* file found in org.apache.lucene.store.FSDirectory@/private/var/folders/18/mrhqj5594t17ptgyt7w541140000gn/T/nexus-index816900708824791374.dir: files:
java.io.FileNotFoundException: no segments* file found in org.apache.lucene.store.FSDirectory@/private/var/folders/18/mrhqj5594t17ptgyt7w541140000gn/T/nexus-index816900708824791374.dir: files:
	at org.apache.lucene.index.SegmentInfos$FindSegmentsFile.run(SegmentInfos.java:604) ~[lucene-core-2.4.1.jar:2.4.1 750176 - 2009-03-04 21:56:52]
	at org.apache.lucene.index.DirectoryIndexReader.open(DirectoryIndexReader.java:115) ~[lucene-core-2.4.1.jar:2.4.1 750176 - 2009-03-04 21:56:52]
	at org.apache.lucene.index.IndexReader.open(IndexReader.java:316) ~[lucene-core-2.4.1.jar:2.4.1 750176 - 2009-03-04 21:56:52]
	at org.apache.lucene.index.IndexReader.open(IndexReader.java:227) ~[lucene-core-2.4.1.jar:2.4.1 750176 - 2009-03-04 21:56:52]
	at org.apache.maven.index.updater.DefaultIndexUpdater.copyUpdatedDocuments(DefaultIndexUpdater.java:352) ~[indexer-core-3.1.0.jar:3.1.0]
	at org.apache.maven.index.updater.DefaultIndexUpdater.unpackIndexArchive(DefaultIndexUpdater.java:288) ~[indexer-core-3.1.0.jar:3.1.0]
	at org.apache.maven.index.updater.DefaultIndexUpdater.loadIndexDirectory(DefaultIndexUpdater.java:218) ~[indexer-core-3.1.0.jar:3.1.0]
	at org.apache.maven.index.updater.DefaultIndexUpdater.access$300(DefaultIndexUpdater.java:75) ~[indexer-core-3.1.0.jar:3.1.0]
	at org.apache.maven.index.updater.DefaultIndexUpdater$LuceneIndexAdaptor.setIndexFile(DefaultIndexUpdater.java:645) ~[indexer-core-3.1.0.jar:3.1.0]
	at org.apache.maven.index.updater.DefaultIndexUpdater.fetchAndUpdateIndex(DefaultIndexUpdater.java:844) ~[indexer-core-3.1.0.jar:3.1.0]
	at org.apache.maven.index.updater.DefaultIndexUpdater.fetchAndUpdateIndex(DefaultIndexUpdater.java:156) ~[indexer-core-3.1.0.jar:3.1.0]
	at org.eclipse.m2e.core.internal.index.nexus.NexusIndexManager.updateRemoteIndex(NexusIndexManager.java:1251) [org.eclipse.m2e.core_1.6.0.me201603161722.jar:na]
	at org.eclipse.m2e.core.internal.index.nexus.NexusIndexManager.updateIndex(NexusIndexManager.java:1193) [org.eclipse.m2e.core_1.6.0.me201603161722.jar:na]
	at org.eclipse.m2e.core.internal.index.nexus.NexusIndexManager$1.run(NexusIndexManager.java:703) [org.eclipse.m2e.core_1.6.0.me201603161722.jar:na]
	at org.eclipse.m2e.core.internal.index.nexus.IndexUpdaterJob.run(IndexUpdaterJob.java:72) [org.eclipse.m2e.core_1.6.0.me201603161722.jar:na]
	at org.eclipse.core.internal.jobs.Worker.run(Worker.java:55) [org.eclipse.core.jobs_3.7.0.v20150330-2103.jar:na]
2017-05-25 15:16:35,976 [Worker-3] INFO  o.e.m.c.i.i.nexus.NexusIndexManager - Updating index for repository: central|https://repo.maven.apache.org/maven2
2017-05-25 15:16:37,839 [Worker-3] ERROR o.e.m.c.i.i.nexus.NexusIndexManager - Unable to update index for central|https://repo.maven.apache.org/maven2: no segments* file found in org.apache.lucene.store.FSDirectory@/private/var/folders/18/mrhqj5594t17ptgyt7w541140000gn/T/nexus-index1232723389906439214.dir: files:
java.io.FileNotFoundException: no segments* file found in org.apache.lucene.store.FSDirectory@/private/var/folders/18/mrhqj5594t17ptgyt7w541140000gn/T/nexus-index1232723389906439214.dir: files:
	at org.apache.lucene.index.SegmentInfos$FindSegmentsFile.run(SegmentInfos.java:604) ~[lucene-core-2.4.1.jar:2.4.1 750176 - 2009-03-04 21:56:52]
	at org.apache.lucene.index.DirectoryIndexReader.open(DirectoryIndexReader.java:115) ~[lucene-core-2.4.1.jar:2.4.1 750176 - 2009-03-04 21:56:52]
	at org.apache.lucene.index.IndexReader.open(IndexReader.java:316) ~[lucene-core-2.4.1.jar:2.4.1 750176 - 2009-03-04 21:56:52]
	at org.apache.lucene.index.IndexReader.open(IndexReader.java:227) ~[lucene-core-2.4.1.jar:2.4.1 750176 - 2009-03-04 21:56:52]
	at org.apache.maven.index.updater.DefaultIndexUpdater.copyUpdatedDocuments(DefaultIndexUpdater.java:352) ~[indexer-core-3.1.0.jar:3.1.0]
	at org.apache.maven.index.updater.DefaultIndexUpdater.unpackIndexArchive(DefaultIndexUpdater.java:288) ~[indexer-core-3.1.0.jar:3.1.0]
	at org.apache.maven.index.updater.DefaultIndexUpdater.loadIndexDirectory(DefaultIndexUpdater.java:218) ~[indexer-core-3.1.0.jar:3.1.0]
	at org.apache.maven.index.updater.DefaultIndexUpdater.access$300(DefaultIndexUpdater.java:75) ~[indexer-core-3.1.0.jar:3.1.0]
	at org.apache.maven.index.updater.DefaultIndexUpdater$LuceneIndexAdaptor.setIndexFile(DefaultIndexUpdater.java:645) ~[indexer-core-3.1.0.jar:3.1.0]
	at org.apache.maven.index.updater.DefaultIndexUpdater.fetchAndUpdateIndex(DefaultIndexUpdater.java:844) ~[indexer-core-3.1.0.jar:3.1.0]
	at org.apache.maven.index.updater.DefaultIndexUpdater.fetchAndUpdateIndex(DefaultIndexUpdater.java:156) ~[indexer-core-3.1.0.jar:3.1.0]
	at org.eclipse.m2e.core.internal.index.nexus.NexusIndexManager.updateRemoteIndex(NexusIndexManager.java:1251) [org.eclipse.m2e.core_1.6.0.me201603161722.jar:na]
	at org.eclipse.m2e.core.internal.index.nexus.NexusIndexManager.updateIndex(NexusIndexManager.java:1193) [org.eclipse.m2e.core_1.6.0.me201603161722.jar:na]
	at org.eclipse.m2e.core.internal.index.nexus.NexusIndexManager$1.run(NexusIndexManager.java:703) [org.eclipse.m2e.core_1.6.0.me201603161722.jar:na]
	at org.eclipse.m2e.core.internal.index.nexus.IndexUpdaterJob.run(IndexUpdaterJob.java:72) [org.eclipse.m2e.core_1.6.0.me201603161722.jar:na]
	at org.eclipse.core.internal.jobs.Worker.run(Worker.java:55) [org.eclipse.core.jobs_3.7.0.v20150330-2103.jar:na]
2017-05-26 09:48:54,297 [Worker-0] INFO  o.e.m.c.i.i.nexus.NexusIndexManager - Updating index for repository: central|https://repo.maven.apache.org/maven2
2017-05-26 09:49:07,381 [Worker-0] ERROR o.e.m.c.i.i.nexus.NexusIndexManager - Unable to update index for central|https://repo.maven.apache.org/maven2: no segments* file found in org.apache.lucene.store.FSDirectory@/private/var/folders/18/mrhqj5594t17ptgyt7w541140000gn/T/nexus-index5925936691546890529.dir: files:
java.io.FileNotFoundException: no segments* file found in org.apache.lucene.store.FSDirectory@/private/var/folders/18/mrhqj5594t17ptgyt7w541140000gn/T/nexus-index5925936691546890529.dir: files:
	at org.apache.lucene.index.SegmentInfos$FindSegmentsFile.run(SegmentInfos.java:604) ~[lucene-core-2.4.1.jar:2.4.1 750176 - 2009-03-04 21:56:52]
	at org.apache.lucene.index.DirectoryIndexReader.open(DirectoryIndexReader.java:115) ~[lucene-core-2.4.1.jar:2.4.1 750176 - 2009-03-04 21:56:52]
	at org.apache.lucene.index.IndexReader.open(IndexReader.java:316) ~[lucene-core-2.4.1.jar:2.4.1 750176 - 2009-03-04 21:56:52]
	at org.apache.lucene.index.IndexReader.open(IndexReader.java:227) ~[lucene-core-2.4.1.jar:2.4.1 750176 - 2009-03-04 21:56:52]
	at org.apache.maven.index.updater.DefaultIndexUpdater.copyUpdatedDocuments(DefaultIndexUpdater.java:352) ~[indexer-core-3.1.0.jar:3.1.0]
	at org.apache.maven.index.updater.DefaultIndexUpdater.unpackIndexArchive(DefaultIndexUpdater.java:288) ~[indexer-core-3.1.0.jar:3.1.0]
	at org.apache.maven.index.updater.DefaultIndexUpdater.loadIndexDirectory(DefaultIndexUpdater.java:218) ~[indexer-core-3.1.0.jar:3.1.0]
	at org.apache.maven.index.updater.DefaultIndexUpdater.access$300(DefaultIndexUpdater.java:75) ~[indexer-core-3.1.0.jar:3.1.0]
	at org.apache.maven.index.updater.DefaultIndexUpdater$LuceneIndexAdaptor.setIndexFile(DefaultIndexUpdater.java:645) ~[indexer-core-3.1.0.jar:3.1.0]
	at org.apache.maven.index.updater.DefaultIndexUpdater.fetchAndUpdateIndex(DefaultIndexUpdater.java:844) ~[indexer-core-3.1.0.jar:3.1.0]
	at org.apache.maven.index.updater.DefaultIndexUpdater.fetchAndUpdateIndex(DefaultIndexUpdater.java:156) ~[indexer-core-3.1.0.jar:3.1.0]
	at org.eclipse.m2e.core.internal.index.nexus.NexusIndexManager.updateRemoteIndex(NexusIndexManager.java:1251) [org.eclipse.m2e.core_1.6.0.me201603161722.jar:na]
	at org.eclipse.m2e.core.internal.index.nexus.NexusIndexManager.updateIndex(NexusIndexManager.java:1193) [org.eclipse.m2e.core_1.6.0.me201603161722.jar:na]
	at org.eclipse.m2e.core.internal.index.nexus.NexusIndexManager$1.run(NexusIndexManager.java:703) [org.eclipse.m2e.core_1.6.0.me201603161722.jar:na]
	at org.eclipse.m2e.core.internal.index.nexus.IndexUpdaterJob.run(IndexUpdaterJob.java:72) [org.eclipse.m2e.core_1.6.0.me201603161722.jar:na]
	at org.eclipse.core.internal.jobs.Worker.run(Worker.java:55) [org.eclipse.core.jobs_3.7.0.v20150330-2103.jar:na]
2017-06-01 09:35:12,921 [Worker-3] INFO  o.e.m.c.i.i.nexus.NexusIndexManager - Updating index for repository: central|https://repo.maven.apache.org/maven2
2017-06-01 09:35:30,938 [Worker-3] ERROR o.e.m.c.i.i.nexus.NexusIndexManager - Unable to update index for central|https://repo.maven.apache.org/maven2: no segments* file found in org.apache.lucene.store.FSDirectory@/private/var/folders/18/mrhqj5594t17ptgyt7w541140000gn/T/nexus-index7238080244351628268.dir: files:
java.io.FileNotFoundException: no segments* file found in org.apache.lucene.store.FSDirectory@/private/var/folders/18/mrhqj5594t17ptgyt7w541140000gn/T/nexus-index7238080244351628268.dir: files:
	at org.apache.lucene.index.SegmentInfos$FindSegmentsFile.run(SegmentInfos.java:604) ~[lucene-core-2.4.1.jar:2.4.1 750176 - 2009-03-04 21:56:52]
	at org.apache.lucene.index.DirectoryIndexReader.open(DirectoryIndexReader.java:115) ~[lucene-core-2.4.1.jar:2.4.1 750176 - 2009-03-04 21:56:52]
	at org.apache.lucene.index.IndexReader.open(IndexReader.java:316) ~[lucene-core-2.4.1.jar:2.4.1 750176 - 2009-03-04 21:56:52]
	at org.apache.lucene.index.IndexReader.open(IndexReader.java:227) ~[lucene-core-2.4.1.jar:2.4.1 750176 - 2009-03-04 21:56:52]
	at org.apache.maven.index.updater.DefaultIndexUpdater.copyUpdatedDocuments(DefaultIndexUpdater.java:352) ~[indexer-core-3.1.0.jar:3.1.0]
	at org.apache.maven.index.updater.DefaultIndexUpdater.unpackIndexArchive(DefaultIndexUpdater.java:288) ~[indexer-core-3.1.0.jar:3.1.0]
	at org.apache.maven.index.updater.DefaultIndexUpdater.loadIndexDirectory(DefaultIndexUpdater.java:218) ~[indexer-core-3.1.0.jar:3.1.0]
	at org.apache.maven.index.updater.DefaultIndexUpdater.access$300(DefaultIndexUpdater.java:75) ~[indexer-core-3.1.0.jar:3.1.0]
	at org.apache.maven.index.updater.DefaultIndexUpdater$LuceneIndexAdaptor.setIndexFile(DefaultIndexUpdater.java:645) ~[indexer-core-3.1.0.jar:3.1.0]
	at org.apache.maven.index.updater.DefaultIndexUpdater.fetchAndUpdateIndex(DefaultIndexUpdater.java:844) ~[indexer-core-3.1.0.jar:3.1.0]
	at org.apache.maven.index.updater.DefaultIndexUpdater.fetchAndUpdateIndex(DefaultIndexUpdater.java:156) ~[indexer-core-3.1.0.jar:3.1.0]
	at org.eclipse.m2e.core.internal.index.nexus.NexusIndexManager.updateRemoteIndex(NexusIndexManager.java:1251) [org.eclipse.m2e.core_1.6.0.me201603161722.jar:na]
	at org.eclipse.m2e.core.internal.index.nexus.NexusIndexManager.updateIndex(NexusIndexManager.java:1193) [org.eclipse.m2e.core_1.6.0.me201603161722.jar:na]
	at org.eclipse.m2e.core.internal.index.nexus.NexusIndexManager$1.run(NexusIndexManager.java:703) [org.eclipse.m2e.core_1.6.0.me201603161722.jar:na]
	at org.eclipse.m2e.core.internal.index.nexus.IndexUpdaterJob.run(IndexUpdaterJob.java:72) [org.eclipse.m2e.core_1.6.0.me201603161722.jar:na]
	at org.eclipse.core.internal.jobs.Worker.run(Worker.java:55) [org.eclipse.core.jobs_3.7.0.v20150330-2103.jar:na]
